2018-11-04 19:30:47.930+0000 INFO  [o.n.k.i.f.CommunityFacadeFactory] No locking implementation specified, defaulting to 'community'
2018-11-04 19:30:48.332+0000 INFO  [o.n.k.AvailabilityGuard] Requirement makes database unavailable: Database available
2018-11-04 19:30:48.418+0000 INFO  [o.n.k.i.DiagnosticsManager] --- INITIALIZED diagnostics START ---
2018-11-04 19:30:48.419+0000 INFO  [o.n.k.i.DiagnosticsManager] Neo4j Kernel properties:
2018-11-04 19:30:48.419+0000 INFO  [o.n.k.i.DiagnosticsManager] dbms.security.auth_enabled=true
2018-11-04 19:30:48.420+0000 INFO  [o.n.k.i.DiagnosticsManager] dbms.directories.import=import
2018-11-04 19:30:48.421+0000 INFO  [o.n.k.i.DiagnosticsManager] dbms.memory.heap.initial_size=512
2018-11-04 19:30:48.421+0000 INFO  [o.n.k.i.DiagnosticsManager] dbms.connector.bolt.tls_level=OPTIONAL
2018-11-04 19:30:48.422+0000 INFO  [o.n.k.i.DiagnosticsManager] dbms.shell.enabled=true
2018-11-04 19:30:48.422+0000 INFO  [o.n.k.i.DiagnosticsManager] dbms.connector.https.address=0.0.0.0:7473
2018-11-04 19:30:48.423+0000 INFO  [o.n.k.i.DiagnosticsManager] ha.host.coordination=cbd1499691b1:5001
2018-11-04 19:30:48.424+0000 INFO  [o.n.k.i.DiagnosticsManager] dbms.tx_log.rotation.retention_policy=100M size
2018-11-04 19:30:48.424+0000 INFO  [o.n.k.i.DiagnosticsManager] dbms.connector.https.encryption=TLS
2018-11-04 19:30:48.425+0000 INFO  [o.n.k.i.DiagnosticsManager] dbms.connector.http.address=0.0.0.0:7474
2018-11-04 19:30:48.426+0000 INFO  [o.n.k.i.DiagnosticsManager] dbms.connector.bolt.enabled=true
2018-11-04 19:30:48.426+0000 INFO  [o.n.k.i.DiagnosticsManager] dbms.connector.http.enabled=true
2018-11-04 19:30:48.427+0000 INFO  [o.n.k.i.DiagnosticsManager] dbms.connector.bolt.type=BOLT
2018-11-04 19:30:48.427+0000 INFO  [o.n.k.i.DiagnosticsManager] unsupported.dbms.directories.neo4j_home=/var/lib/neo4j
2018-11-04 19:30:48.428+0000 INFO  [o.n.k.i.DiagnosticsManager] dbms.connector.https.enabled=true
2018-11-04 19:30:48.428+0000 INFO  [o.n.k.i.DiagnosticsManager] dbms.connector.http.type=HTTP
2018-11-04 19:30:48.429+0000 INFO  [o.n.k.i.DiagnosticsManager] dbms.memory.heap.max_size=512
2018-11-04 19:30:48.430+0000 INFO  [o.n.k.i.DiagnosticsManager] dbms.connector.https.type=HTTP
2018-11-04 19:30:48.430+0000 INFO  [o.n.k.i.DiagnosticsManager] unsupported.dbms.security.auth_store.location=data/dbms/auth
2018-11-04 19:30:48.431+0000 INFO  [o.n.k.i.DiagnosticsManager] ha.host.data=cbd1499691b1:6001
2018-11-04 19:30:48.431+0000 INFO  [o.n.k.i.DiagnosticsManager] unsupported.dbms.edition=community
2018-11-04 19:30:48.432+0000 INFO  [o.n.k.i.DiagnosticsManager] dbms.connector.bolt.address=0.0.0.0:7687
2018-11-04 19:30:48.432+0000 INFO  [o.n.k.i.DiagnosticsManager] dbms.directories.logs=/logs
2018-11-04 19:30:48.432+0000 INFO  [o.n.k.i.DiagnosticsManager] wrapper.java.additional=-Dneo4j.ext.udc.source=docker
2018-11-04 19:30:48.433+0000 INFO  [o.n.k.i.DiagnosticsManager] Diagnostics providers:
2018-11-04 19:30:48.434+0000 INFO  [o.n.k.i.DiagnosticsManager] org.neo4j.kernel.configuration.Config
2018-11-04 19:30:48.434+0000 INFO  [o.n.k.i.DiagnosticsManager] org.neo4j.kernel.info.DiagnosticsManager
2018-11-04 19:30:48.434+0000 INFO  [o.n.k.i.DiagnosticsManager] SYSTEM_MEMORY
2018-11-04 19:30:48.435+0000 INFO  [o.n.k.i.DiagnosticsManager] JAVA_MEMORY
2018-11-04 19:30:48.435+0000 INFO  [o.n.k.i.DiagnosticsManager] OPERATING_SYSTEM
2018-11-04 19:30:48.435+0000 INFO  [o.n.k.i.DiagnosticsManager] JAVA_VIRTUAL_MACHINE
2018-11-04 19:30:48.435+0000 INFO  [o.n.k.i.DiagnosticsManager] CLASSPATH
2018-11-04 19:30:48.436+0000 INFO  [o.n.k.i.DiagnosticsManager] LIBRARY_PATH
2018-11-04 19:30:48.436+0000 INFO  [o.n.k.i.DiagnosticsManager] SYSTEM_PROPERTIES
2018-11-04 19:30:48.436+0000 INFO  [o.n.k.i.DiagnosticsManager] LINUX_SCHEDULERS
2018-11-04 19:30:48.437+0000 INFO  [o.n.k.i.DiagnosticsManager] NETWORK
2018-11-04 19:30:48.437+0000 INFO  [o.n.k.i.DiagnosticsManager] System memory information:
2018-11-04 19:30:48.448+0000 INFO  [o.n.k.i.DiagnosticsManager] Total Physical memory: 3.84 GB
2018-11-04 19:30:48.449+0000 INFO  [o.n.k.i.DiagnosticsManager] Free Physical memory: 554.53 MB
2018-11-04 19:30:48.451+0000 INFO  [o.n.k.i.DiagnosticsManager] Committed virtual memory: 3.32 GB
2018-11-04 19:30:48.452+0000 INFO  [o.n.k.i.DiagnosticsManager] Total swap space: 511.00 MB
2018-11-04 19:30:48.454+0000 INFO  [o.n.k.i.DiagnosticsManager] Free swap space: 511.00 MB
2018-11-04 19:30:48.454+0000 INFO  [o.n.k.i.DiagnosticsManager] JVM memory information:
2018-11-04 19:30:48.456+0000 INFO  [o.n.k.i.DiagnosticsManager] Free  memory: 483.17 MB
2018-11-04 19:30:48.457+0000 INFO  [o.n.k.i.DiagnosticsManager] Total memory: 512.00 MB
2018-11-04 19:30:48.458+0000 INFO  [o.n.k.i.DiagnosticsManager] Max   memory: 512.00 MB
2018-11-04 19:30:48.466+0000 INFO  [o.n.k.i.DiagnosticsManager] Garbage Collector: G1 Young Generation: [G1 Eden Space, G1 Survivor Space]
2018-11-04 19:30:48.466+0000 INFO  [o.n.k.i.DiagnosticsManager] Garbage Collector: G1 Old Generation: [G1 Eden Space, G1 Survivor Space, G1 Old Gen]
2018-11-04 19:30:48.471+0000 INFO  [o.n.k.i.DiagnosticsManager] Memory Pool: Code Cache (Non-heap memory): committed=4.63 MB, used=4.61 MB, max=240.00 MB, threshold=0.00 B
2018-11-04 19:30:48.474+0000 INFO  [o.n.k.i.DiagnosticsManager] Memory Pool: Metaspace (Non-heap memory): committed=12.50 MB, used=11.92 MB, max=-1.00 B, threshold=0.00 B
2018-11-04 19:30:48.476+0000 INFO  [o.n.k.i.DiagnosticsManager] Memory Pool: Compressed Class Space (Non-heap memory): committed=1.75 MB, used=1.54 MB, max=1.00 GB, threshold=0.00 B
2018-11-04 19:30:48.479+0000 INFO  [o.n.k.i.DiagnosticsManager] Memory Pool: G1 Eden Space (Heap memory): committed=318.00 MB, used=4.00 MB, max=-1.00 B, threshold=?
2018-11-04 19:30:48.480+0000 INFO  [o.n.k.i.DiagnosticsManager] Memory Pool: G1 Survivor Space (Heap memory): committed=5.00 MB, used=5.00 MB, max=-1.00 B, threshold=?
2018-11-04 19:30:48.482+0000 INFO  [o.n.k.i.DiagnosticsManager] Memory Pool: G1 Old Gen (Heap memory): committed=189.00 MB, used=18.83 MB, max=512.00 MB, threshold=0.00 B
2018-11-04 19:30:48.482+0000 INFO  [o.n.k.i.DiagnosticsManager] Operating system information:
2018-11-04 19:30:48.484+0000 INFO  [o.n.k.i.DiagnosticsManager] Operating System: Linux; version: 4.15.0-34-generic; arch: amd64; cpus: 4
2018-11-04 19:30:48.485+0000 INFO  [o.n.k.i.DiagnosticsManager] Max number of file descriptors: 1048576
2018-11-04 19:30:48.486+0000 INFO  [o.n.k.i.DiagnosticsManager] Number of open file descriptors: 97
2018-11-04 19:30:48.498+0000 INFO  [o.n.k.i.DiagnosticsManager] Process id: 1@cbd1499691b1
2018-11-04 19:30:48.499+0000 INFO  [o.n.k.i.DiagnosticsManager] Byte order: LITTLE_ENDIAN
2018-11-04 19:30:48.500+0000 INFO  [o.n.k.i.DiagnosticsManager] Local timezone: Etc/UTC
2018-11-04 19:30:48.500+0000 INFO  [o.n.k.i.DiagnosticsManager] JVM information:
2018-11-04 19:30:48.500+0000 INFO  [o.n.k.i.DiagnosticsManager] VM Name: OpenJDK 64-Bit Server VM
2018-11-04 19:30:48.501+0000 INFO  [o.n.k.i.DiagnosticsManager] VM Vendor: Oracle Corporation
2018-11-04 19:30:48.501+0000 INFO  [o.n.k.i.DiagnosticsManager] VM Version: 25.181-b13
2018-11-04 19:30:48.502+0000 INFO  [o.n.k.i.DiagnosticsManager] JIT compiler: HotSpot 64-Bit Tiered Compilers
2018-11-04 19:30:48.504+0000 INFO  [o.n.k.i.DiagnosticsManager] VM Arguments: [-Xms512m, -Xmx512m, -XX:+UseG1GC, -XX:-OmitStackTraceInFastThrow, -XX:hashCode=5, -XX:+AlwaysPreTouch, -XX:+UnlockExperimentalVMOptions, -XX:+TrustFinalNonStaticFields, -XX:+DisableExplicitGC, -Djdk.tls.ephemeralDHKeySize=2048, -Dunsupported.dbms.udc.source=tarball, -Dfile.encoding=UTF-8]
2018-11-04 19:30:48.504+0000 INFO  [o.n.k.i.DiagnosticsManager] Java classpath:
2018-11-04 19:30:48.512+0000 INFO  [o.n.k.i.DiagnosticsManager]  [bootstrap] /usr/lib/jvm/java-8-openjdk-amd64/jre/lib/jce.jar
2018-11-04 19:30:48.512+0000 INFO  [o.n.k.i.DiagnosticsManager]  [classpath + loader.0] file:/var/lib/neo4j/lib/neo4j-primitive-collections-3.0.12.jar
2018-11-04 19:30:48.513+0000 INFO  [o.n.k.i.DiagnosticsManager]  [classpath + loader.0] file:/var/lib/neo4j/lib/commons-lang3-3.3.2.jar
2018-11-04 19:30:48.513+0000 INFO  [o.n.k.i.DiagnosticsManager]  [classpath + loader.0] file:/var/lib/neo4j/lib/jetty-xml-9.2.22.v20170606.jar
2018-11-04 19:30:48.513+0000 INFO  [o.n.k.i.DiagnosticsManager]  [classpath + loader.0] file:/var/lib/neo4j/lib/neo4j-logging-3.0.12.jar
2018-11-04 19:30:48.513+0000 INFO  [o.n.k.i.DiagnosticsManager]  [loader.1] file:/usr/lib/jvm/java-8-openjdk-amd64/jre/lib/ext/java-atk-wrapper.jar
2018-11-04 19:30:48.514+0000 INFO  [o.n.k.i.DiagnosticsManager]  [classpath + loader.0] file:/var/lib/neo4j/lib/lucene-queryparser-5.5.0.jar
2018-11-04 19:30:48.514+0000 INFO  [o.n.k.i.DiagnosticsManager]  [classpath + loader.0] file:/var/lib/neo4j/lib/scala-library-2.11.8.jar
2018-11-04 19:30:48.514+0000 INFO  [o.n.k.i.DiagnosticsManager]  [classpath + loader.0] file:/var/lib/neo4j/lib/neo4j-unsafe-3.0.12.jar
2018-11-04 19:30:48.515+0000 INFO  [o.n.k.i.DiagnosticsManager]  [classpath + loader.0] file:/var/lib/neo4j/lib/jackson-core-asl-1.9.13.jar
2018-11-04 19:30:48.515+0000 INFO  [o.n.k.i.DiagnosticsManager]  [classpath + loader.0] file:/var/lib/neo4j/lib/jetty-security-9.2.22.v20170606.jar
2018-11-04 19:30:48.515+0000 INFO  [o.n.k.i.DiagnosticsManager]  [classpath + loader.0] file:/var/lib/neo4j/lib/server-api-3.0.12.jar
2018-11-04 19:30:48.515+0000 INFO  [o.n.k.i.DiagnosticsManager]  [loader.1] file:/usr/lib/jvm/java-8-openjdk-amd64/jre/lib/ext/nashorn.jar
2018-11-04 19:30:48.516+0000 INFO  [o.n.k.i.DiagnosticsManager]  [loader.1] file:/usr/lib/jvm/java-8-openjdk-amd64/jre/lib/ext/icedtea-sound.jar
2018-11-04 19:30:48.516+0000 INFO  [o.n.k.i.DiagnosticsManager]  [classpath + loader.0] file:/var/lib/neo4j/lib/neo4j-csv-3.0.12.jar
2018-11-04 19:30:48.516+0000 INFO  [o.n.k.i.DiagnosticsManager]  [classpath + loader.0] file:/var/lib/neo4j/lib/neo4j-kernel-3.0.12.jar
2018-11-04 19:30:48.516+0000 INFO  [o.n.k.i.DiagnosticsManager]  [classpath + loader.0] file:/var/lib/neo4j/lib/neo4j-cypher-compiler-3.0-3.0.12.jar
2018-11-04 19:30:48.516+0000 INFO  [o.n.k.i.DiagnosticsManager]  [classpath + loader.0] file:/var/lib/neo4j/lib/jetty-http-9.2.22.v20170606.jar
2018-11-04 19:30:48.517+0000 INFO  [o.n.k.i.DiagnosticsManager]  [classpath + loader.0] file:/var/lib/neo4j/lib/jline-2.12.jar
2018-11-04 19:30:48.517+0000 INFO  [o.n.k.i.DiagnosticsManager]  [classpath + loader.0] file:/var/lib/neo4j/lib/jersey-server-1.19.jar
2018-11-04 19:30:48.517+0000 INFO  [o.n.k.i.DiagnosticsManager]  [loader.1] file:/usr/lib/jvm/java-8-openjdk-amd64/jre/lib/ext/sunjce_provider.jar
2018-11-04 19:30:48.517+0000 INFO  [o.n.k.i.DiagnosticsManager]  [classpath + loader.0] file:/var/lib/neo4j/lib/scala-reflect-2.11.8.jar
2018-11-04 19:30:48.517+0000 INFO  [o.n.k.i.DiagnosticsManager]  [classpath + loader.0] file:/var/lib/neo4j/lib/commons-io-2.4.jar
2018-11-04 19:30:48.518+0000 INFO  [o.n.k.i.DiagnosticsManager]  [classpath + loader.0] file:/var/lib/neo4j/lib/concurrentlinkedhashmap-lru-1.4.2.jar
2018-11-04 19:30:48.518+0000 INFO  [o.n.k.i.DiagnosticsManager]  [classpath + loader.0] file:/var/lib/neo4j/conf/
2018-11-04 19:30:48.518+0000 INFO  [o.n.k.i.DiagnosticsManager]  [bootstrap] /usr/lib/jvm/java-8-openjdk-amd64/jre/lib/sunrsasign.jar
2018-11-04 19:30:48.518+0000 INFO  [o.n.k.i.DiagnosticsManager]  [classpath + loader.0] file:/var/lib/neo4j/lib/neo4j-cypher-compiler-2.3-2.3.11.jar
2018-11-04 19:30:48.519+0000 INFO  [o.n.k.i.DiagnosticsManager]  [classpath + loader.0] file:/var/lib/neo4j/lib/neo4j-graphdb-api-3.0.12.jar
2018-11-04 19:30:48.519+0000 INFO  [o.n.k.i.DiagnosticsManager]  [classpath + loader.0] file:/var/lib/neo4j/lib/bcpkix-jdk15on-1.53.jar
2018-11-04 19:30:48.519+0000 INFO  [o.n.k.i.DiagnosticsManager]  [classpath + loader.0] file:/var/lib/neo4j/lib/neo4j-import-tool-3.0.12.jar
2018-11-04 19:30:48.519+0000 INFO  [o.n.k.i.DiagnosticsManager]  [classpath + loader.0] file:/var/lib/neo4j/lib/opencsv-2.3.jar
2018-11-04 19:30:48.519+0000 INFO  [o.n.k.i.DiagnosticsManager]  [classpath + loader.0] file:/var/lib/neo4j/lib/neo4j-command-line-3.0.12.jar
2018-11-04 19:30:48.520+0000 INFO  [o.n.k.i.DiagnosticsManager]  [classpath + loader.0] file:/var/lib/neo4j/lib/neo4j-dbms-3.0.12.jar
2018-11-04 19:30:48.520+0000 INFO  [o.n.k.i.DiagnosticsManager]  [classpath + loader.0] file:/var/lib/neo4j/lib/parboiled-scala_2.11-1.1.7.jar
2018-11-04 19:30:48.520+0000 INFO  [o.n.k.i.DiagnosticsManager]  [classpath + loader.0] file:/var/lib/neo4j/lib/jetty-server-9.2.22.v20170606.jar
2018-11-04 19:30:48.520+0000 INFO  [o.n.k.i.DiagnosticsManager]  [classpath + loader.0] file:/var/lib/neo4j/lib/jersey-servlet-1.19.jar
2018-11-04 19:30:48.521+0000 INFO  [o.n.k.i.DiagnosticsManager]  [bootstrap] /usr/lib/jvm/java-8-openjdk-amd64/jre/lib/jsse.jar
2018-11-04 19:30:48.521+0000 INFO  [o.n.k.i.DiagnosticsManager]  [classpath + loader.0] file:/var/lib/neo4j/lib/jetty-util-9.2.22.v20170606.jar
2018-11-04 19:30:48.521+0000 INFO  [o.n.k.i.DiagnosticsManager]  [classpath + loader.0] file:/var/lib/neo4j/lib/lucene-analyzers-common-5.5.0.jar
2018-11-04 19:30:48.521+0000 INFO  [o.n.k.i.DiagnosticsManager]  [classpath + loader.0] file:/var/lib/neo4j/lib/commons-beanutils-1.8.3.jar
2018-11-04 19:30:48.521+0000 INFO  [o.n.k.i.DiagnosticsManager]  [classpath + loader.0] file:/var/lib/neo4j/lib/neo4j-graph-matching-3.0.12.jar
2018-11-04 19:30:48.522+0000 INFO  [o.n.k.i.DiagnosticsManager]  [classpath + loader.0] file:/var/lib/neo4j/lib/asm-5.0.2.jar
2018-11-04 19:30:48.522+0000 INFO  [o.n.k.i.DiagnosticsManager]  [classpath + loader.0] file:/var/lib/neo4j/lib/neo4j-browser-1.1.9.jar
2018-11-04 19:30:48.522+0000 INFO  [o.n.k.i.DiagnosticsManager]  [classpath + loader.0] file:/var/lib/neo4j/lib/neo4j-consistency-check-3.0.12.jar
2018-11-04 19:30:48.522+0000 INFO  [o.n.k.i.DiagnosticsManager]  [loader.1] file:/usr/lib/jvm/java-8-openjdk-amd64/jre/lib/ext/localedata.jar
2018-11-04 19:30:48.522+0000 INFO  [o.n.k.i.DiagnosticsManager]  [loader.1] file:/usr/lib/jvm/java-8-openjdk-amd64/jre/lib/ext/jaccess.jar
2018-11-04 19:30:48.523+0000 INFO  [o.n.k.i.DiagnosticsManager]  [classpath + loader.0] file:/var/lib/neo4j/lib/jersey-core-1.19.jar
2018-11-04 19:30:48.523+0000 INFO  [o.n.k.i.DiagnosticsManager]  [loader.1] file:/usr/lib/jvm/java-8-openjdk-amd64/jre/lib/ext/sunpkcs11.jar
2018-11-04 19:30:48.523+0000 INFO  [o.n.k.i.DiagnosticsManager]  [loader.1] file:/usr/lib/jvm/java-8-openjdk-amd64/jre/lib/ext/libatk-wrapper.so
2018-11-04 19:30:48.523+0000 INFO  [o.n.k.i.DiagnosticsManager]  [classpath + loader.0] file:/var/lib/neo4j/lib/lucene-core-5.5.0.jar
2018-11-04 19:30:48.524+0000 INFO  [o.n.k.i.DiagnosticsManager]  [loader.1] file:/usr/lib/jvm/java-8-openjdk-amd64/jre/lib/ext/sunec.jar
2018-11-04 19:30:48.524+0000 INFO  [o.n.k.i.DiagnosticsManager]  [bootstrap] /usr/lib/jvm/java-8-openjdk-amd64/jre/lib/jfr.jar
2018-11-04 19:30:48.524+0000 INFO  [o.n.k.i.DiagnosticsManager]  [classpath + loader.0] file:/var/lib/neo4j/lib/commons-configuration-1.10.jar
2018-11-04 19:30:48.525+0000 INFO  [o.n.k.i.DiagnosticsManager]  [classpath + loader.0] file:/var/lib/neo4j/lib/neo4j-udc-3.0.12.jar
2018-11-04 19:30:48.525+0000 INFO  [o.n.k.i.DiagnosticsManager]  [classpath + loader.0] file:/var/lib/neo4j/lib/neo4j-io-3.0.12.jar
2018-11-04 19:30:48.525+0000 INFO  [o.n.k.i.DiagnosticsManager]  [loader.1] file:/usr/lib/jvm/java-8-openjdk-amd64/jre/lib/ext/cldrdata.jar
2018-11-04 19:30:48.525+0000 INFO  [o.n.k.i.DiagnosticsManager]  [bootstrap] /usr/lib/jvm/java-8-openjdk-amd64/jre/classes
2018-11-04 19:30:48.526+0000 INFO  [o.n.k.i.DiagnosticsManager]  [classpath + loader.0] file:/var/lib/neo4j/lib/lucene-codecs-5.5.0.jar
2018-11-04 19:30:48.526+0000 INFO  [o.n.k.i.DiagnosticsManager]  [classpath + loader.0] file:/var/lib/neo4j/lib/jackson-mapper-asl-1.9.13.jar
2018-11-04 19:30:48.526+0000 INFO  [o.n.k.i.DiagnosticsManager]  [loader.1] file:/usr/lib/jvm/java-8-openjdk-amd64/jre/lib/ext/zipfs.jar
2018-11-04 19:30:48.526+0000 INFO  [o.n.k.i.DiagnosticsManager]  [classpath + loader.0] file:/var/lib/neo4j/lib/jackson-jaxrs-1.9.13.jar
2018-11-04 19:30:48.526+0000 INFO  [o.n.k.i.DiagnosticsManager]  [bootstrap] /usr/lib/jvm/java-8-openjdk-amd64/jre/lib/resources.jar
2018-11-04 19:30:48.527+0000 INFO  [o.n.k.i.DiagnosticsManager]  [classpath + loader.0] file:/var/lib/neo4j/lib/neo4j-bolt-3.0.12.jar
2018-11-04 19:30:48.527+0000 INFO  [o.n.k.i.DiagnosticsManager]  [classpath + loader.0] file:/var/lib/neo4j/lib/neo4j-shell-3.0.12.jar
2018-11-04 19:30:48.527+0000 INFO  [o.n.k.i.DiagnosticsManager]  [classpath + loader.0] file:/var/lib/neo4j/lib/neo4j-resource-3.0.12.jar
2018-11-04 19:30:48.527+0000 INFO  [o.n.k.i.DiagnosticsManager]  [classpath + loader.0] file:/var/lib/neo4j/plugins/*
2018-11-04 19:30:48.528+0000 INFO  [o.n.k.i.DiagnosticsManager]  [classpath + loader.0] file:/var/lib/neo4j/lib/neo4j-collections-3.0.12.jar
2018-11-04 19:30:48.528+0000 INFO  [o.n.k.i.DiagnosticsManager]  [classpath + loader.0] file:/var/lib/neo4j/lib/neo4j-common-3.0.12.jar
2018-11-04 19:30:48.528+0000 INFO  [o.n.k.i.DiagnosticsManager]  [classpath + loader.0] file:/var/lib/neo4j/lib/neo4j-jmx-3.0.12.jar
2018-11-04 19:30:48.528+0000 INFO  [o.n.k.i.DiagnosticsManager]  [classpath + loader.0] file:/var/lib/neo4j/lib/neo4j-security-3.0.12.jar
2018-11-04 19:30:48.528+0000 INFO  [o.n.k.i.DiagnosticsManager]  [classpath + loader.0] file:/var/lib/neo4j/lib/jsr311-api-1.1.2.r612.jar
2018-11-04 19:30:48.528+0000 INFO  [o.n.k.i.DiagnosticsManager]  [classpath + loader.0] file:/var/lib/neo4j/lib/jersey-multipart-1.19.jar
2018-11-04 19:30:48.529+0000 INFO  [o.n.k.i.DiagnosticsManager]  [classpath + loader.0] file:/var/lib/neo4j/lib/bcprov-jdk15on-1.53.jar
2018-11-04 19:30:48.529+0000 INFO  [o.n.k.i.DiagnosticsManager]  [classpath + loader.0] file:/var/lib/neo4j/lib/jetty-webapp-9.2.22.v20170606.jar
2018-11-04 19:30:48.529+0000 INFO  [o.n.k.i.DiagnosticsManager]  [classpath + loader.0] file:/var/lib/neo4j/lib/neo4j-codegen-3.0.12.jar
2018-11-04 19:30:48.530+0000 INFO  [o.n.k.i.DiagnosticsManager]  [classpath + loader.0] file:/var/lib/neo4j/lib/netty-all-4.0.28.Final.jar
2018-11-04 19:30:48.530+0000 INFO  [o.n.k.i.DiagnosticsManager]  [classpath + loader.0] file:/var/lib/neo4j/lib/commons-digester-2.1.jar
2018-11-04 19:30:48.530+0000 INFO  [o.n.k.i.DiagnosticsManager]  [classpath + loader.0] file:/var/lib/neo4j/lib/javax.servlet-api-3.1.0.jar
2018-11-04 19:30:48.530+0000 INFO  [o.n.k.i.DiagnosticsManager]  [classpath + loader.0] file:/var/lib/neo4j/lib/neo4j-server-3.0.12.jar
2018-11-04 19:30:48.531+0000 INFO  [o.n.k.i.DiagnosticsManager]  [classpath + loader.0] file:/var/lib/neo4j/lib/neo4j-graph-algo-3.0.12.jar
2018-11-04 19:30:48.531+0000 INFO  [o.n.k.i.DiagnosticsManager]  [loader.1] file:/usr/lib/jvm/java-8-openjdk-amd64/jre/lib/ext/dnsns.jar
2018-11-04 19:30:48.531+0000 INFO  [o.n.k.i.DiagnosticsManager]  [classpath + loader.0] file:/var/lib/neo4j/lib/neo4j-cypher-3.0.12.jar
2018-11-04 19:30:48.531+0000 INFO  [o.n.k.i.DiagnosticsManager]  [classpath + loader.0] file:/var/lib/neo4j/plugins/
2018-11-04 19:30:48.531+0000 INFO  [o.n.k.i.DiagnosticsManager]  [classpath + loader.0] file:/var/lib/neo4j/lib/neo4j-cypher-frontend-2.3-2.3.11.jar
2018-11-04 19:30:48.531+0000 INFO  [o.n.k.i.DiagnosticsManager]  [classpath + loader.0] file:/var/lib/neo4j/lib/commons-logging-1.1.1.jar
2018-11-04 19:30:48.532+0000 INFO  [o.n.k.i.DiagnosticsManager]  [classpath + loader.0] file:/var/lib/neo4j/lib/neo4j-cypher-frontend-3.0-3.0.12.jar
2018-11-04 19:30:48.532+0000 INFO  [o.n.k.i.DiagnosticsManager]  [classpath + loader.0] file:/var/lib/neo4j/lib/jetty-servlet-9.2.22.v20170606.jar
2018-11-04 19:30:48.532+0000 INFO  [o.n.k.i.DiagnosticsManager]  [bootstrap] /usr/lib/jvm/java-8-openjdk-amd64/jre/lib/charsets.jar
2018-11-04 19:30:48.532+0000 INFO  [o.n.k.i.DiagnosticsManager]  [classpath + loader.0] file:/var/lib/neo4j/lib/commons-lang-2.6.jar
2018-11-04 19:30:48.532+0000 INFO  [o.n.k.i.DiagnosticsManager]  [classpath + loader.0] file:/var/lib/neo4j/lib/neo4j-lucene-upgrade-3.0.12.jar
2018-11-04 19:30:48.532+0000 INFO  [o.n.k.i.DiagnosticsManager]  [classpath + loader.0] file:/var/lib/neo4j/lib/parboiled-core-1.1.7.jar
2018-11-04 19:30:48.533+0000 INFO  [o.n.k.i.DiagnosticsManager]  [classpath + loader.0] file:/var/lib/neo4j/lib/neo4j-lucene-index-3.0.12.jar
2018-11-04 19:30:48.533+0000 INFO  [o.n.k.i.DiagnosticsManager]  [classpath + loader.0] file:/var/lib/neo4j/lib/jetty-io-9.2.22.v20170606.jar
2018-11-04 19:30:48.533+0000 INFO  [o.n.k.i.DiagnosticsManager]  [classpath + loader.0] file:/var/lib/neo4j/lib/rhino-1.7R4.jar
2018-11-04 19:30:48.534+0000 INFO  [o.n.k.i.DiagnosticsManager]  [bootstrap] /usr/lib/jvm/java-8-openjdk-amd64/jre/lib/rt.jar
2018-11-04 19:30:48.534+0000 INFO  [o.n.k.i.DiagnosticsManager]  [classpath + loader.0] file:/var/lib/neo4j/lib/mimepull-1.9.3.jar
2018-11-04 19:30:48.535+0000 INFO  [o.n.k.i.DiagnosticsManager] Library path:
2018-11-04 19:30:48.536+0000 INFO  [o.n.k.i.DiagnosticsManager] /usr/java/packages/lib/amd64
2018-11-04 19:30:48.537+0000 INFO  [o.n.k.i.DiagnosticsManager] /usr/lib/x86_64-linux-gnu/jni
2018-11-04 19:30:48.537+0000 INFO  [o.n.k.i.DiagnosticsManager] /lib/x86_64-linux-gnu
2018-11-04 19:30:48.538+0000 INFO  [o.n.k.i.DiagnosticsManager] /usr/lib/x86_64-linux-gnu
2018-11-04 19:30:48.539+0000 INFO  [o.n.k.i.DiagnosticsManager] /usr/lib/jni
2018-11-04 19:30:48.539+0000 INFO  [o.n.k.i.DiagnosticsManager] /lib
2018-11-04 19:30:48.540+0000 INFO  [o.n.k.i.DiagnosticsManager] /usr/lib
2018-11-04 19:30:48.540+0000 INFO  [o.n.k.i.DiagnosticsManager] System.properties:
2018-11-04 19:30:48.542+0000 INFO  [o.n.k.i.DiagnosticsManager] sun.boot.library.path = /usr/lib/jvm/java-8-openjdk-amd64/jre/lib/amd64
2018-11-04 19:30:48.543+0000 INFO  [o.n.k.i.DiagnosticsManager] path.separator = :
2018-11-04 19:30:48.544+0000 INFO  [o.n.k.i.DiagnosticsManager] file.encoding.pkg = sun.io
2018-11-04 19:30:48.544+0000 INFO  [o.n.k.i.DiagnosticsManager] sun.java.launcher = SUN_STANDARD
2018-11-04 19:30:48.544+0000 INFO  [o.n.k.i.DiagnosticsManager] sun.os.patch.level = unknown
2018-11-04 19:30:48.545+0000 INFO  [o.n.k.i.DiagnosticsManager] user.dir = /var/lib/neo4j
2018-11-04 19:30:48.545+0000 INFO  [o.n.k.i.DiagnosticsManager] sun.jnu.encoding = UTF-8
2018-11-04 19:30:48.545+0000 INFO  [o.n.k.i.DiagnosticsManager] unsupported.dbms.udc.source = tarball
2018-11-04 19:30:48.546+0000 INFO  [o.n.k.i.DiagnosticsManager] sun.management.compiler = HotSpot 64-Bit Tiered Compilers
2018-11-04 19:30:48.546+0000 INFO  [o.n.k.i.DiagnosticsManager] user.home = /root
2018-11-04 19:30:48.546+0000 INFO  [o.n.k.i.DiagnosticsManager] user.timezone = Etc/UTC
2018-11-04 19:30:48.547+0000 INFO  [o.n.k.i.DiagnosticsManager] file.encoding = UTF-8
2018-11-04 19:30:48.547+0000 INFO  [o.n.k.i.DiagnosticsManager] user.name = root
2018-11-04 19:30:48.548+0000 INFO  [o.n.k.i.DiagnosticsManager] sun.java.command = org.neo4j.server.CommunityEntryPoint --home-dir=/var/lib/neo4j --config-dir=/var/lib/neo4j/conf
2018-11-04 19:30:48.548+0000 INFO  [o.n.k.i.DiagnosticsManager] sun.arch.data.model = 64
2018-11-04 19:30:48.548+0000 INFO  [o.n.k.i.DiagnosticsManager] user.language = en
2018-11-04 19:30:48.549+0000 INFO  [o.n.k.i.DiagnosticsManager] awt.toolkit = sun.awt.X11.XToolkit
2018-11-04 19:30:48.549+0000 INFO  [o.n.k.i.DiagnosticsManager] jdk.tls.ephemeralDHKeySize = 2048
2018-11-04 19:30:48.549+0000 INFO  [o.n.k.i.DiagnosticsManager] file.separator = /
2018-11-04 19:30:48.550+0000 INFO  [o.n.k.i.DiagnosticsManager] sun.io.unicode.encoding = UnicodeLittle
2018-11-04 19:30:48.550+0000 INFO  [o.n.k.i.DiagnosticsManager] sun.cpu.endian = little
2018-11-04 19:30:48.550+0000 INFO  [o.n.k.i.DiagnosticsManager] sun.cpu.isalist = 
2018-11-04 19:30:48.551+0000 INFO  [o.n.k.i.DiagnosticsManager] Linux scheduler information:
2018-11-04 19:30:48.584+0000 INFO  [o.n.k.i.DiagnosticsManager] [none] 
2018-11-04 19:30:48.585+0000 INFO  [o.n.k.i.DiagnosticsManager] [none] 
2018-11-04 19:30:48.587+0000 INFO  [o.n.k.i.DiagnosticsManager] [none] 
2018-11-04 19:30:48.588+0000 INFO  [o.n.k.i.DiagnosticsManager] [none] 
2018-11-04 19:30:48.589+0000 INFO  [o.n.k.i.DiagnosticsManager] [none] 
2018-11-04 19:30:48.590+0000 INFO  [o.n.k.i.DiagnosticsManager] noop deadline [cfq] 
2018-11-04 19:30:48.592+0000 INFO  [o.n.k.i.DiagnosticsManager] [none] 
2018-11-04 19:30:48.593+0000 INFO  [o.n.k.i.DiagnosticsManager] [none] 
2018-11-04 19:30:48.594+0000 INFO  [o.n.k.i.DiagnosticsManager] [none] 
2018-11-04 19:30:48.594+0000 INFO  [o.n.k.i.DiagnosticsManager] Network information:
2018-11-04 19:30:48.598+0000 INFO  [o.n.k.i.DiagnosticsManager] Interface eth0:
2018-11-04 19:30:48.599+0000 INFO  [o.n.k.i.DiagnosticsManager]     address: 172.17.0.2
2018-11-04 19:30:48.600+0000 INFO  [o.n.k.i.DiagnosticsManager] Interface lo:
2018-11-04 19:30:48.600+0000 INFO  [o.n.k.i.DiagnosticsManager]     address: 127.0.0.1
2018-11-04 19:30:48.601+0000 INFO  [o.n.k.i.DiagnosticsManager] --- INITIALIZED diagnostics END ---
2018-11-04 19:30:49.761+0000 INFO  [o.n.b.v.r.Sessions] Bolt Server extension loaded.
2018-11-04 19:30:49.767+0000 INFO  [o.n.b.v.r.Sessions] Bolt enabled on 0.0.0.0:7687.
2018-11-04 19:30:50.307+0000 INFO  [o.n.k.i.s.f.RecordFormatSelector] Selected format 'RecordFormat:StandardV3_0[v0.A.7]' for the new store
2018-11-04 19:30:52.132+0000 INFO  [o.n.k.a.i.l.LuceneLabelScanStore] No lucene scan store index found, this might just be first use. Preparing to rebuild.
2018-11-04 19:30:52.702+0000 INFO  [o.n.k.NeoStoreDataSource] Opened logical log [/var/lib/neo4j/data/databases/graph.db/neostore.transaction.db.0] version=0, lastTxId=1 (clean)
2018-11-04 19:30:52.737+0000 WARN  [o.n.k.i.s.MetaDataStore] Missing counts store, rebuilding it.
2018-11-04 19:30:52.978+0000 INFO  [o.n.k.a.i.l.LuceneLabelScanStore] Rebuilding lucene scan store, this may take a while
2018-11-04 19:30:53.037+0000 INFO  [o.n.k.a.i.l.LuceneLabelScanStore] Lucene scan store rebuilt (roughly 0 nodes)
2018-11-04 19:30:53.052+0000 INFO  [o.n.k.i.DatabaseHealth] Database health set to OK
2018-11-04 19:30:54.551+0000 INFO  [o.n.k.AvailabilityGuard] Fulfilling of requirement makes database available: Database available
2018-11-04 19:30:54.554+0000 INFO  [o.n.k.i.f.CommunityFacadeFactory] Database is now ready
2018-11-04 19:30:54.558+0000 INFO  [o.n.k.i.DiagnosticsManager] --- STARTED diagnostics for KernelDiagnostics:Versions START ---
2018-11-04 19:30:54.559+0000 INFO  [o.n.k.i.DiagnosticsManager] Graph Database: community single StoreId{creationTime=1541359851552, randomId=2869076682833887238, storeVersion=15531981201765894, upgradeTime=1541359851552, upgradeId=1}
2018-11-04 19:30:54.560+0000 INFO  [o.n.k.i.DiagnosticsManager] Kernel version: 3.0.12,6edbf02a93b89e10763f4868257911e9dac2377b
2018-11-04 19:30:54.560+0000 INFO  [o.n.k.i.DiagnosticsManager] --- STARTED diagnostics for KernelDiagnostics:Versions END ---
2018-11-04 19:30:54.569+0000 INFO  [o.n.k.i.DiagnosticsManager] --- STARTED diagnostics for NEO_STORE_VERSIONS START ---
2018-11-04 19:30:54.569+0000 INFO  [o.n.k.i.DiagnosticsManager] Store versions:
2018-11-04 19:30:54.570+0000 INFO  [o.n.k.i.DiagnosticsManager] Store versions:
2018-11-04 19:30:54.571+0000 INFO  [o.n.k.i.DiagnosticsManager]   ArrayPropertyStore v0.A.7
2018-11-04 19:30:54.571+0000 INFO  [o.n.k.i.DiagnosticsManager]   NodeStore v0.A.7
2018-11-04 19:30:54.571+0000 INFO  [o.n.k.i.DiagnosticsManager]   StringPropertyStore v0.A.7
2018-11-04 19:30:54.572+0000 INFO  [o.n.k.i.DiagnosticsManager]   PropertyIndexStore v0.A.7
2018-11-04 19:30:54.573+0000 INFO  [o.n.k.i.DiagnosticsManager]   StringPropertyStore v0.A.7
2018-11-04 19:30:54.573+0000 INFO  [o.n.k.i.DiagnosticsManager]   ArrayPropertyStore v0.A.7
2018-11-04 19:30:54.574+0000 INFO  [o.n.k.i.DiagnosticsManager]   PropertyStore v0.A.7
2018-11-04 19:30:54.574+0000 INFO  [o.n.k.i.DiagnosticsManager]   RelationshipStore v0.A.7
2018-11-04 19:30:54.575+0000 INFO  [o.n.k.i.DiagnosticsManager]   StringPropertyStore v0.A.7
2018-11-04 19:30:54.575+0000 INFO  [o.n.k.i.DiagnosticsManager]   RelationshipTypeStore v0.A.7
2018-11-04 19:30:54.576+0000 INFO  [o.n.k.i.DiagnosticsManager]   StringPropertyStore v0.A.7
2018-11-04 19:30:54.576+0000 INFO  [o.n.k.i.DiagnosticsManager]   LabelTokenStore v0.A.7
2018-11-04 19:30:54.577+0000 INFO  [o.n.k.i.DiagnosticsManager]   SchemaStore v0.A.7
2018-11-04 19:30:54.577+0000 INFO  [o.n.k.i.DiagnosticsManager]   RelationshipGroupStore v0.A.7
2018-11-04 19:30:54.578+0000 INFO  [o.n.k.i.DiagnosticsManager]   NeoStore v0.A.7
2018-11-04 19:30:54.578+0000 INFO  [o.n.k.i.DiagnosticsManager] --- STARTED diagnostics for NEO_STORE_VERSIONS END ---
2018-11-04 19:30:54.579+0000 INFO  [o.n.k.i.DiagnosticsManager] --- STARTED diagnostics for NEO_STORE_ID_USAGE START ---
2018-11-04 19:30:54.579+0000 INFO  [o.n.k.i.DiagnosticsManager] Id usage:
2018-11-04 19:30:54.580+0000 INFO  [o.n.k.i.DiagnosticsManager] Id usage:
2018-11-04 19:30:54.582+0000 INFO  [o.n.k.i.DiagnosticsManager]   ArrayPropertyStore: used=1 high=0
2018-11-04 19:30:54.583+0000 INFO  [o.n.k.i.DiagnosticsManager]   NodeStore: used=0 high=-1
2018-11-04 19:30:54.583+0000 INFO  [o.n.k.i.DiagnosticsManager]   StringPropertyStore: used=1 high=0
2018-11-04 19:30:54.584+0000 INFO  [o.n.k.i.DiagnosticsManager]   PropertyIndexStore: used=0 high=-1
2018-11-04 19:30:54.585+0000 INFO  [o.n.k.i.DiagnosticsManager]   StringPropertyStore: used=1 high=0
2018-11-04 19:30:54.585+0000 INFO  [o.n.k.i.DiagnosticsManager]   ArrayPropertyStore: used=1 high=0
2018-11-04 19:30:54.586+0000 INFO  [o.n.k.i.DiagnosticsManager]   PropertyStore: used=0 high=-1
2018-11-04 19:30:54.587+0000 INFO  [o.n.k.i.DiagnosticsManager]   RelationshipStore: used=0 high=-1
2018-11-04 19:30:54.588+0000 INFO  [o.n.k.i.DiagnosticsManager]   StringPropertyStore: used=1 high=0
2018-11-04 19:30:54.589+0000 INFO  [o.n.k.i.DiagnosticsManager]   RelationshipTypeStore: used=0 high=-1
2018-11-04 19:30:54.589+0000 INFO  [o.n.k.i.DiagnosticsManager]   StringPropertyStore: used=1 high=0
2018-11-04 19:30:54.590+0000 INFO  [o.n.k.i.DiagnosticsManager]   LabelTokenStore: used=0 high=-1
2018-11-04 19:30:54.591+0000 INFO  [o.n.k.i.DiagnosticsManager]   SchemaStore: used=1 high=0
2018-11-04 19:30:54.592+0000 INFO  [o.n.k.i.DiagnosticsManager]   RelationshipGroupStore: used=1 high=0
2018-11-04 19:30:54.592+0000 INFO  [o.n.k.i.DiagnosticsManager]   NeoStore: used=15 high=14
2018-11-04 19:30:54.593+0000 INFO  [o.n.k.i.DiagnosticsManager] --- STARTED diagnostics for NEO_STORE_ID_USAGE END ---
2018-11-04 19:30:54.593+0000 INFO  [o.n.k.i.DiagnosticsManager] --- STARTED diagnostics for NEO_STORE_RECORDS START ---
2018-11-04 19:30:54.594+0000 INFO  [o.n.k.i.DiagnosticsManager] Neostore records:
2018-11-04 19:30:54.598+0000 INFO  [o.n.k.i.DiagnosticsManager] TIME (Creation time): 1541359851552
2018-11-04 19:30:54.598+0000 INFO  [o.n.k.i.DiagnosticsManager] RANDOM_NUMBER (Random number for store id): 2869076682833887238
2018-11-04 19:30:54.599+0000 INFO  [o.n.k.i.DiagnosticsManager] LOG_VERSION (Current log version): 0
2018-11-04 19:30:54.599+0000 INFO  [o.n.k.i.DiagnosticsManager] LAST_TRANSACTION_ID (Last committed transaction): 1
2018-11-04 19:30:54.600+0000 INFO  [o.n.k.i.DiagnosticsManager] STORE_VERSION (Store format version): 15531981201765894
2018-11-04 19:30:54.600+0000 INFO  [o.n.k.i.DiagnosticsManager] FIRST_GRAPH_PROPERTY (First property record containing graph properties): -1
2018-11-04 19:30:54.601+0000 INFO  [o.n.k.i.DiagnosticsManager] LAST_CONSTRAINT_TRANSACTION (Last committed transaction containing constraint changes): 0
2018-11-04 19:30:54.601+0000 INFO  [o.n.k.i.DiagnosticsManager] UPGRADE_TRANSACTION_ID (Transaction id most recent upgrade was performed at): 1
2018-11-04 19:30:54.602+0000 INFO  [o.n.k.i.DiagnosticsManager] UPGRADE_TIME (Time of last upgrade): 1541359851552
2018-11-04 19:30:54.603+0000 INFO  [o.n.k.i.DiagnosticsManager] LAST_TRANSACTION_CHECKSUM (Checksum of last committed transaction): 0
2018-11-04 19:30:54.603+0000 INFO  [o.n.k.i.DiagnosticsManager] UPGRADE_TRANSACTION_CHECKSUM (Checksum of transaction id the most recent upgrade was performed at): 0
2018-11-04 19:30:54.604+0000 INFO  [o.n.k.i.DiagnosticsManager] LAST_CLOSED_TRANSACTION_LOG_VERSION (Log version where the last transaction commit entry has been written into): 0
2018-11-04 19:30:54.605+0000 INFO  [o.n.k.i.DiagnosticsManager] LAST_CLOSED_TRANSACTION_LOG_BYTE_OFFSET (Byte offset in the log file where the last transaction commit entry has been written into): 16
2018-11-04 19:30:54.605+0000 INFO  [o.n.k.i.DiagnosticsManager] LAST_TRANSACTION_COMMIT_TIMESTAMP (Commit time timestamp for last committed transaction): 0
2018-11-04 19:30:54.606+0000 INFO  [o.n.k.i.DiagnosticsManager] UPGRADE_TRANSACTION_COMMIT_TIMESTAMP (Commit timestamp of transaction the most recent upgrade was performed at): 0
2018-11-04 19:30:54.607+0000 INFO  [o.n.k.i.DiagnosticsManager] --- STARTED diagnostics for NEO_STORE_RECORDS END ---
2018-11-04 19:30:54.610+0000 INFO  [o.n.k.i.DiagnosticsManager] --- STARTED diagnostics for TRANSACTION_RANGE START ---
2018-11-04 19:30:54.611+0000 INFO  [o.n.k.i.DiagnosticsManager] Transaction log:
2018-11-04 19:30:54.615+0000 INFO  [o.n.k.i.DiagnosticsManager] No transactions found in any log
2018-11-04 19:30:54.615+0000 INFO  [o.n.k.i.DiagnosticsManager] --- STARTED diagnostics for TRANSACTION_RANGE END ---
2018-11-04 19:30:54.617+0000 INFO  [o.n.k.i.DiagnosticsManager] --- STARTED diagnostics for KernelDiagnostics:StoreFiles START ---
2018-11-04 19:30:54.618+0000 INFO  [o.n.k.i.DiagnosticsManager] Disk space on partition (Total / Free / Free %): 20506865664 / 15598411776 / 76
Storage files: (filename : modification date - size)
2018-11-04 19:30:54.622+0000 INFO  [o.n.k.i.DiagnosticsManager]   index:
2018-11-04 19:30:54.623+0000 INFO  [o.n.k.i.DiagnosticsManager]   - Total: 2018-11-04T19:30:52+0000 - 0.00 B
2018-11-04 19:30:54.625+0000 INFO  [o.n.k.i.DiagnosticsManager]   neostore: 2018-11-04T19:30:51+0000 - 8.00 kB
2018-11-04 19:30:54.627+0000 INFO  [o.n.k.i.DiagnosticsManager]   neostore.counts.db.a: 2018-11-04T19:30:52+0000 - 96.00 B
2018-11-04 19:30:54.629+0000 INFO  [o.n.k.i.DiagnosticsManager]   neostore.id: 2018-11-04T19:30:51+0000 - 9.00 B
2018-11-04 19:30:54.630+0000 INFO  [o.n.k.i.DiagnosticsManager]   neostore.labeltokenstore.db: 2018-11-04T19:30:51+0000 - 0.00 B
2018-11-04 19:30:54.632+0000 INFO  [o.n.k.i.DiagnosticsManager]   neostore.labeltokenstore.db.id: 2018-11-04T19:30:51+0000 - 9.00 B
2018-11-04 19:30:54.634+0000 INFO  [o.n.k.i.DiagnosticsManager]   neostore.labeltokenstore.db.names: 2018-11-04T19:30:51+0000 - 8.00 kB
2018-11-04 19:30:54.635+0000 INFO  [o.n.k.i.DiagnosticsManager]   neostore.labeltokenstore.db.names.id: 2018-11-04T19:30:51+0000 - 9.00 B
2018-11-04 19:30:54.637+0000 INFO  [o.n.k.i.DiagnosticsManager]   neostore.nodestore.db: 2018-11-04T19:30:50+0000 - 0.00 B
2018-11-04 19:30:54.639+0000 INFO  [o.n.k.i.DiagnosticsManager]   neostore.nodestore.db.id: 2018-11-04T19:30:50+0000 - 9.00 B
2018-11-04 19:30:54.641+0000 INFO  [o.n.k.i.DiagnosticsManager]   neostore.nodestore.db.labels: 2018-11-04T19:30:50+0000 - 8.00 kB
2018-11-04 19:30:54.643+0000 INFO  [o.n.k.i.DiagnosticsManager]   neostore.nodestore.db.labels.id: 2018-11-04T19:30:50+0000 - 9.00 B
2018-11-04 19:30:54.644+0000 INFO  [o.n.k.i.DiagnosticsManager]   neostore.propertystore.db: 2018-11-04T19:30:51+0000 - 0.00 B
2018-11-04 19:30:54.645+0000 INFO  [o.n.k.i.DiagnosticsManager]   neostore.propertystore.db.arrays: 2018-11-04T19:30:50+0000 - 8.00 kB
2018-11-04 19:30:54.647+0000 INFO  [o.n.k.i.DiagnosticsManager]   neostore.propertystore.db.arrays.id: 2018-11-04T19:30:50+0000 - 9.00 B
2018-11-04 19:30:54.649+0000 INFO  [o.n.k.i.DiagnosticsManager]   neostore.propertystore.db.id: 2018-11-04T19:30:51+0000 - 9.00 B
2018-11-04 19:30:54.651+0000 INFO  [o.n.k.i.DiagnosticsManager]   neostore.propertystore.db.index: 2018-11-04T19:30:50+0000 - 0.00 B
2018-11-04 19:30:54.652+0000 INFO  [o.n.k.i.DiagnosticsManager]   neostore.propertystore.db.index.id: 2018-11-04T19:30:50+0000 - 9.00 B
2018-11-04 19:30:54.654+0000 INFO  [o.n.k.i.DiagnosticsManager]   neostore.propertystore.db.index.keys: 2018-11-04T19:30:50+0000 - 8.00 kB
2018-11-04 19:30:54.656+0000 INFO  [o.n.k.i.DiagnosticsManager]   neostore.propertystore.db.index.keys.id: 2018-11-04T19:30:50+0000 - 9.00 B
2018-11-04 19:30:54.657+0000 INFO  [o.n.k.i.DiagnosticsManager]   neostore.propertystore.db.strings: 2018-11-04T19:30:50+0000 - 8.00 kB
2018-11-04 19:30:54.659+0000 INFO  [o.n.k.i.DiagnosticsManager]   neostore.propertystore.db.strings.id: 2018-11-04T19:30:50+0000 - 9.00 B
2018-11-04 19:30:54.660+0000 INFO  [o.n.k.i.DiagnosticsManager]   neostore.relationshipgroupstore.db: 2018-11-04T19:30:51+0000 - 8.00 kB
2018-11-04 19:30:54.662+0000 INFO  [o.n.k.i.DiagnosticsManager]   neostore.relationshipgroupstore.db.id: 2018-11-04T19:30:51+0000 - 9.00 B
2018-11-04 19:30:54.664+0000 INFO  [o.n.k.i.DiagnosticsManager]   neostore.relationshipstore.db: 2018-11-04T19:30:51+0000 - 0.00 B
2018-11-04 19:30:54.665+0000 INFO  [o.n.k.i.DiagnosticsManager]   neostore.relationshipstore.db.id: 2018-11-04T19:30:51+0000 - 9.00 B
2018-11-04 19:30:54.668+0000 INFO  [o.n.k.i.DiagnosticsManager]   neostore.relationshiptypestore.db: 2018-11-04T19:30:51+0000 - 0.00 B
2018-11-04 19:30:54.669+0000 INFO  [o.n.k.i.DiagnosticsManager]   neostore.relationshiptypestore.db.id: 2018-11-04T19:30:51+0000 - 9.00 B
2018-11-04 19:30:54.671+0000 INFO  [o.n.k.i.DiagnosticsManager]   neostore.relationshiptypestore.db.names: 2018-11-04T19:30:51+0000 - 8.00 kB
2018-11-04 19:30:54.673+0000 INFO  [o.n.k.i.DiagnosticsManager]   neostore.relationshiptypestore.db.names.id: 2018-11-04T19:30:51+0000 - 9.00 B
2018-11-04 19:30:54.674+0000 INFO  [o.n.k.i.DiagnosticsManager]   neostore.schemastore.db: 2018-11-04T19:30:51+0000 - 8.00 kB
2018-11-04 19:30:54.676+0000 INFO  [o.n.k.i.DiagnosticsManager]   neostore.schemastore.db.id: 2018-11-04T19:30:51+0000 - 9.00 B
2018-11-04 19:30:54.678+0000 INFO  [o.n.k.i.DiagnosticsManager]   neostore.transaction.db.0: 2018-11-04T19:30:52+0000 - 16.00 B
2018-11-04 19:30:54.679+0000 INFO  [o.n.k.i.DiagnosticsManager]   schema:
2018-11-04 19:30:54.680+0000 INFO  [o.n.k.i.DiagnosticsManager]     label:
2018-11-04 19:30:54.681+0000 INFO  [o.n.k.i.DiagnosticsManager]       lucene:
2018-11-04 19:30:54.681+0000 INFO  [o.n.k.i.DiagnosticsManager]         labelStore:
2018-11-04 19:30:54.682+0000 INFO  [o.n.k.i.DiagnosticsManager]           1:
2018-11-04 19:30:54.684+0000 INFO  [o.n.k.i.DiagnosticsManager]             write.lock: 2018-11-04T19:30:52+0000 - 0.00 B
2018-11-04 19:30:54.686+0000 INFO  [o.n.k.i.DiagnosticsManager]           - Total: 2018-11-04T19:30:52+0000 - 0.00 B
2018-11-04 19:30:54.687+0000 INFO  [o.n.k.i.DiagnosticsManager]           failure-message: 2018-11-04T19:30:52+0000 - 16.00 kB
2018-11-04 19:30:54.689+0000 INFO  [o.n.k.i.DiagnosticsManager]         - Total: 2018-11-04T19:30:52+0000 - 16.00 kB
2018-11-04 19:30:54.690+0000 INFO  [o.n.k.i.DiagnosticsManager]       - Total: 2018-11-04T19:30:52+0000 - 16.00 kB
2018-11-04 19:30:54.692+0000 INFO  [o.n.k.i.DiagnosticsManager]     - Total: 2018-11-04T19:30:52+0000 - 16.00 kB
2018-11-04 19:30:54.693+0000 INFO  [o.n.k.i.DiagnosticsManager]   - Total: 2018-11-04T19:30:52+0000 - 16.00 kB
2018-11-04 19:30:54.695+0000 INFO  [o.n.k.i.DiagnosticsManager]   store_lock: 2018-11-04T19:30:50+0000 - 0.00 B
2018-11-04 19:30:54.695+0000 INFO  [o.n.k.i.DiagnosticsManager] --- STARTED diagnostics for KernelDiagnostics:StoreFiles END ---
2018-11-04 19:31:01.648+0000 INFO  [o.n.k.i.DiagnosticsManager] --- SERVER STARTED START ---
2018-11-04 19:31:07.427+0000 INFO  [o.n.k.i.DiagnosticsManager] --- SERVER STARTED END ---
2018-11-04 19:33:41.884+0000 INFO  [o.n.k.i.f.CommunityFacadeFactory] Shutdown started
2018-11-04 19:33:41.887+0000 INFO  [o.n.k.i.f.CommunityFacadeFactory] Database is now unavailable
2018-11-04 19:33:41.905+0000 INFO  [o.n.k.i.t.l.c.CheckPointerImpl] Check Pointing triggered by database shutdown [1]:  Starting check pointing...
2018-11-04 19:33:41.905+0000 INFO  [o.n.k.i.t.l.c.CheckPointerImpl] Check Pointing triggered by database shutdown [1]:  Starting store flush...
2018-11-04 19:33:42.001+0000 INFO  [o.n.k.i.t.l.c.CheckPointerImpl] Check Pointing triggered by database shutdown [1]:  Store flush completed
2018-11-04 19:33:42.002+0000 INFO  [o.n.k.i.t.l.c.CheckPointerImpl] Check Pointing triggered by database shutdown [1]:  Starting appending check point entry into the tx log...
2018-11-04 19:33:42.026+0000 INFO  [o.n.k.i.t.l.c.CheckPointerImpl] Check Pointing triggered by database shutdown [1]:  Appending check point entry into the tx log completed
2018-11-04 19:33:42.027+0000 INFO  [o.n.k.i.t.l.c.CheckPointerImpl] Check Pointing triggered by database shutdown [1]:  Check pointing completed
2018-11-04 19:33:42.027+0000 INFO  [o.n.k.i.t.l.p.LogPruningImpl] Log Rotation [0]:  Starting log pruning.
2018-11-04 19:33:42.028+0000 INFO  [o.n.k.i.t.l.p.LogPruningImpl] Log Rotation [0]:  Log pruning complete.
2018-11-04 19:33:42.327+0000 INFO  [o.n.k.i.DiagnosticsManager] --- STOPPING diagnostics START ---
2018-11-04 19:33:42.327+0000 INFO  [o.n.k.i.DiagnosticsManager] --- STOPPING diagnostics END ---
2018-11-05 18:28:48.357+0000 INFO  [o.n.k.i.f.CommunityFacadeFactory] No locking implementation specified, defaulting to 'community'
2018-11-05 18:28:48.731+0000 INFO  [o.n.k.AvailabilityGuard] Requirement makes database unavailable: Database available
2018-11-05 18:28:48.824+0000 INFO  [o.n.k.i.DiagnosticsManager] --- INITIALIZED diagnostics START ---
2018-11-05 18:28:48.824+0000 INFO  [o.n.k.i.DiagnosticsManager] Neo4j Kernel properties:
2018-11-05 18:28:48.825+0000 INFO  [o.n.k.i.DiagnosticsManager] dbms.security.auth_enabled=true
2018-11-05 18:28:48.826+0000 INFO  [o.n.k.i.DiagnosticsManager] dbms.directories.import=import
2018-11-05 18:28:48.826+0000 INFO  [o.n.k.i.DiagnosticsManager] dbms.memory.heap.initial_size=512
2018-11-05 18:28:48.827+0000 INFO  [o.n.k.i.DiagnosticsManager] dbms.connector.bolt.tls_level=OPTIONAL
2018-11-05 18:28:48.827+0000 INFO  [o.n.k.i.DiagnosticsManager] dbms.shell.enabled=true
2018-11-05 18:28:48.828+0000 INFO  [o.n.k.i.DiagnosticsManager] dbms.connector.https.address=0.0.0.0:7473
2018-11-05 18:28:48.829+0000 INFO  [o.n.k.i.DiagnosticsManager] ha.host.coordination=004bb4c5ee82:5001
2018-11-05 18:28:48.829+0000 INFO  [o.n.k.i.DiagnosticsManager] dbms.tx_log.rotation.retention_policy=100M size
2018-11-05 18:28:48.830+0000 INFO  [o.n.k.i.DiagnosticsManager] dbms.connector.https.encryption=TLS
2018-11-05 18:28:48.830+0000 INFO  [o.n.k.i.DiagnosticsManager] dbms.connector.http.address=0.0.0.0:7474
2018-11-05 18:28:48.831+0000 INFO  [o.n.k.i.DiagnosticsManager] dbms.connector.bolt.enabled=true
2018-11-05 18:28:48.832+0000 INFO  [o.n.k.i.DiagnosticsManager] dbms.connector.http.enabled=true
2018-11-05 18:28:48.832+0000 INFO  [o.n.k.i.DiagnosticsManager] dbms.connector.bolt.type=BOLT
2018-11-05 18:28:48.833+0000 INFO  [o.n.k.i.DiagnosticsManager] unsupported.dbms.directories.neo4j_home=/var/lib/neo4j
2018-11-05 18:28:48.833+0000 INFO  [o.n.k.i.DiagnosticsManager] dbms.connector.https.enabled=true
2018-11-05 18:28:48.834+0000 INFO  [o.n.k.i.DiagnosticsManager] dbms.connector.http.type=HTTP
2018-11-05 18:28:48.834+0000 INFO  [o.n.k.i.DiagnosticsManager] dbms.memory.heap.max_size=512
2018-11-05 18:28:48.835+0000 INFO  [o.n.k.i.DiagnosticsManager] dbms.connector.https.type=HTTP
2018-11-05 18:28:48.835+0000 INFO  [o.n.k.i.DiagnosticsManager] unsupported.dbms.security.auth_store.location=data/dbms/auth
2018-11-05 18:28:48.836+0000 INFO  [o.n.k.i.DiagnosticsManager] ha.host.data=004bb4c5ee82:6001
2018-11-05 18:28:48.836+0000 INFO  [o.n.k.i.DiagnosticsManager] unsupported.dbms.edition=community
2018-11-05 18:28:48.837+0000 INFO  [o.n.k.i.DiagnosticsManager] dbms.connector.bolt.address=0.0.0.0:7687
2018-11-05 18:28:48.837+0000 INFO  [o.n.k.i.DiagnosticsManager] dbms.directories.logs=/logs
2018-11-05 18:28:48.838+0000 INFO  [o.n.k.i.DiagnosticsManager] wrapper.java.additional=-Dneo4j.ext.udc.source=docker
2018-11-05 18:28:48.838+0000 INFO  [o.n.k.i.DiagnosticsManager] Diagnostics providers:
2018-11-05 18:28:48.839+0000 INFO  [o.n.k.i.DiagnosticsManager] org.neo4j.kernel.configuration.Config
2018-11-05 18:28:48.839+0000 INFO  [o.n.k.i.DiagnosticsManager] org.neo4j.kernel.info.DiagnosticsManager
2018-11-05 18:28:48.839+0000 INFO  [o.n.k.i.DiagnosticsManager] SYSTEM_MEMORY
2018-11-05 18:28:48.840+0000 INFO  [o.n.k.i.DiagnosticsManager] JAVA_MEMORY
2018-11-05 18:28:48.840+0000 INFO  [o.n.k.i.DiagnosticsManager] OPERATING_SYSTEM
2018-11-05 18:28:48.840+0000 INFO  [o.n.k.i.DiagnosticsManager] JAVA_VIRTUAL_MACHINE
2018-11-05 18:28:48.840+0000 INFO  [o.n.k.i.DiagnosticsManager] CLASSPATH
2018-11-05 18:28:48.841+0000 INFO  [o.n.k.i.DiagnosticsManager] LIBRARY_PATH
2018-11-05 18:28:48.841+0000 INFO  [o.n.k.i.DiagnosticsManager] SYSTEM_PROPERTIES
2018-11-05 18:28:48.842+0000 INFO  [o.n.k.i.DiagnosticsManager] LINUX_SCHEDULERS
2018-11-05 18:28:48.842+0000 INFO  [o.n.k.i.DiagnosticsManager] NETWORK
2018-11-05 18:28:48.842+0000 INFO  [o.n.k.i.DiagnosticsManager] System memory information:
2018-11-05 18:28:48.851+0000 INFO  [o.n.k.i.DiagnosticsManager] Total Physical memory: 3.84 GB
2018-11-05 18:28:48.852+0000 INFO  [o.n.k.i.DiagnosticsManager] Free Physical memory: 484.72 MB
2018-11-05 18:28:48.853+0000 INFO  [o.n.k.i.DiagnosticsManager] Committed virtual memory: 3.32 GB
2018-11-05 18:28:48.854+0000 INFO  [o.n.k.i.DiagnosticsManager] Total swap space: 511.00 MB
2018-11-05 18:28:48.855+0000 INFO  [o.n.k.i.DiagnosticsManager] Free swap space: 511.00 MB
2018-11-05 18:28:48.855+0000 INFO  [o.n.k.i.DiagnosticsManager] JVM memory information:
2018-11-05 18:28:48.856+0000 INFO  [o.n.k.i.DiagnosticsManager] Free  memory: 481.66 MB
2018-11-05 18:28:48.857+0000 INFO  [o.n.k.i.DiagnosticsManager] Total memory: 512.00 MB
2018-11-05 18:28:48.858+0000 INFO  [o.n.k.i.DiagnosticsManager] Max   memory: 512.00 MB
2018-11-05 18:28:48.863+0000 INFO  [o.n.k.i.DiagnosticsManager] Garbage Collector: G1 Young Generation: [G1 Eden Space, G1 Survivor Space]
2018-11-05 18:28:48.864+0000 INFO  [o.n.k.i.DiagnosticsManager] Garbage Collector: G1 Old Generation: [G1 Eden Space, G1 Survivor Space, G1 Old Gen]
2018-11-05 18:28:48.867+0000 INFO  [o.n.k.i.DiagnosticsManager] Memory Pool: Code Cache (Non-heap memory): committed=4.63 MB, used=4.61 MB, max=240.00 MB, threshold=0.00 B
2018-11-05 18:28:48.869+0000 INFO  [o.n.k.i.DiagnosticsManager] Memory Pool: Metaspace (Non-heap memory): committed=12.50 MB, used=11.92 MB, max=-1.00 B, threshold=0.00 B
2018-11-05 18:28:48.871+0000 INFO  [o.n.k.i.DiagnosticsManager] Memory Pool: Compressed Class Space (Non-heap memory): committed=1.75 MB, used=1.54 MB, max=1.00 GB, threshold=0.00 B
2018-11-05 18:28:48.872+0000 INFO  [o.n.k.i.DiagnosticsManager] Memory Pool: G1 Eden Space (Heap memory): committed=319.00 MB, used=7.00 MB, max=-1.00 B, threshold=?
2018-11-05 18:28:48.874+0000 INFO  [o.n.k.i.DiagnosticsManager] Memory Pool: G1 Survivor Space (Heap memory): committed=4.00 MB, used=4.00 MB, max=-1.00 B, threshold=?
2018-11-05 18:28:48.875+0000 INFO  [o.n.k.i.DiagnosticsManager] Memory Pool: G1 Old Gen (Heap memory): committed=189.00 MB, used=18.83 MB, max=512.00 MB, threshold=0.00 B
2018-11-05 18:28:48.876+0000 INFO  [o.n.k.i.DiagnosticsManager] Operating system information:
2018-11-05 18:28:48.877+0000 INFO  [o.n.k.i.DiagnosticsManager] Operating System: Linux; version: 4.15.0-34-generic; arch: amd64; cpus: 4
2018-11-05 18:28:48.878+0000 INFO  [o.n.k.i.DiagnosticsManager] Max number of file descriptors: 1048576
2018-11-05 18:28:48.879+0000 INFO  [o.n.k.i.DiagnosticsManager] Number of open file descriptors: 97
2018-11-05 18:28:48.892+0000 INFO  [o.n.k.i.DiagnosticsManager] Process id: 1@004bb4c5ee82
2018-11-05 18:28:48.893+0000 INFO  [o.n.k.i.DiagnosticsManager] Byte order: LITTLE_ENDIAN
2018-11-05 18:28:48.893+0000 INFO  [o.n.k.i.DiagnosticsManager] Local timezone: Etc/UTC
2018-11-05 18:28:48.894+0000 INFO  [o.n.k.i.DiagnosticsManager] JVM information:
2018-11-05 18:28:48.894+0000 INFO  [o.n.k.i.DiagnosticsManager] VM Name: OpenJDK 64-Bit Server VM
2018-11-05 18:28:48.895+0000 INFO  [o.n.k.i.DiagnosticsManager] VM Vendor: Oracle Corporation
2018-11-05 18:28:48.895+0000 INFO  [o.n.k.i.DiagnosticsManager] VM Version: 25.181-b13
2018-11-05 18:28:48.896+0000 INFO  [o.n.k.i.DiagnosticsManager] JIT compiler: HotSpot 64-Bit Tiered Compilers
2018-11-05 18:28:48.898+0000 INFO  [o.n.k.i.DiagnosticsManager] VM Arguments: [-Xms512m, -Xmx512m, -XX:+UseG1GC, -XX:-OmitStackTraceInFastThrow, -XX:hashCode=5, -XX:+AlwaysPreTouch, -XX:+UnlockExperimentalVMOptions, -XX:+TrustFinalNonStaticFields, -XX:+DisableExplicitGC, -Djdk.tls.ephemeralDHKeySize=2048, -Dunsupported.dbms.udc.source=tarball, -Dfile.encoding=UTF-8]
2018-11-05 18:28:48.898+0000 INFO  [o.n.k.i.DiagnosticsManager] Java classpath:
2018-11-05 18:28:48.906+0000 INFO  [o.n.k.i.DiagnosticsManager]  [bootstrap] /usr/lib/jvm/java-8-openjdk-amd64/jre/lib/jce.jar
2018-11-05 18:28:48.907+0000 INFO  [o.n.k.i.DiagnosticsManager]  [classpath + loader.0] file:/var/lib/neo4j/lib/neo4j-primitive-collections-3.0.12.jar
2018-11-05 18:28:48.907+0000 INFO  [o.n.k.i.DiagnosticsManager]  [classpath + loader.0] file:/var/lib/neo4j/lib/commons-lang3-3.3.2.jar
2018-11-05 18:28:48.907+0000 INFO  [o.n.k.i.DiagnosticsManager]  [classpath + loader.0] file:/var/lib/neo4j/lib/jetty-xml-9.2.22.v20170606.jar
2018-11-05 18:28:48.907+0000 INFO  [o.n.k.i.DiagnosticsManager]  [classpath + loader.0] file:/var/lib/neo4j/lib/neo4j-logging-3.0.12.jar
2018-11-05 18:28:48.908+0000 INFO  [o.n.k.i.DiagnosticsManager]  [loader.1] file:/usr/lib/jvm/java-8-openjdk-amd64/jre/lib/ext/java-atk-wrapper.jar
2018-11-05 18:28:48.908+0000 INFO  [o.n.k.i.DiagnosticsManager]  [classpath + loader.0] file:/var/lib/neo4j/lib/lucene-queryparser-5.5.0.jar
2018-11-05 18:28:48.908+0000 INFO  [o.n.k.i.DiagnosticsManager]  [classpath + loader.0] file:/var/lib/neo4j/lib/scala-library-2.11.8.jar
2018-11-05 18:28:48.909+0000 INFO  [o.n.k.i.DiagnosticsManager]  [classpath + loader.0] file:/var/lib/neo4j/lib/neo4j-unsafe-3.0.12.jar
2018-11-05 18:28:48.909+0000 INFO  [o.n.k.i.DiagnosticsManager]  [classpath + loader.0] file:/var/lib/neo4j/lib/jackson-core-asl-1.9.13.jar
2018-11-05 18:28:48.909+0000 INFO  [o.n.k.i.DiagnosticsManager]  [classpath + loader.0] file:/var/lib/neo4j/lib/jetty-security-9.2.22.v20170606.jar
2018-11-05 18:28:48.909+0000 INFO  [o.n.k.i.DiagnosticsManager]  [classpath + loader.0] file:/var/lib/neo4j/lib/server-api-3.0.12.jar
2018-11-05 18:28:48.910+0000 INFO  [o.n.k.i.DiagnosticsManager]  [loader.1] file:/usr/lib/jvm/java-8-openjdk-amd64/jre/lib/ext/nashorn.jar
2018-11-05 18:28:48.910+0000 INFO  [o.n.k.i.DiagnosticsManager]  [loader.1] file:/usr/lib/jvm/java-8-openjdk-amd64/jre/lib/ext/icedtea-sound.jar
2018-11-05 18:28:48.910+0000 INFO  [o.n.k.i.DiagnosticsManager]  [classpath + loader.0] file:/var/lib/neo4j/lib/neo4j-csv-3.0.12.jar
2018-11-05 18:28:48.910+0000 INFO  [o.n.k.i.DiagnosticsManager]  [classpath + loader.0] file:/var/lib/neo4j/lib/neo4j-kernel-3.0.12.jar
2018-11-05 18:28:48.911+0000 INFO  [o.n.k.i.DiagnosticsManager]  [classpath + loader.0] file:/var/lib/neo4j/lib/neo4j-cypher-compiler-3.0-3.0.12.jar
2018-11-05 18:28:48.911+0000 INFO  [o.n.k.i.DiagnosticsManager]  [classpath + loader.0] file:/var/lib/neo4j/lib/jetty-http-9.2.22.v20170606.jar
2018-11-05 18:28:48.911+0000 INFO  [o.n.k.i.DiagnosticsManager]  [classpath + loader.0] file:/var/lib/neo4j/lib/jline-2.12.jar
2018-11-05 18:28:48.911+0000 INFO  [o.n.k.i.DiagnosticsManager]  [classpath + loader.0] file:/var/lib/neo4j/lib/jersey-server-1.19.jar
2018-11-05 18:28:48.911+0000 INFO  [o.n.k.i.DiagnosticsManager]  [loader.1] file:/usr/lib/jvm/java-8-openjdk-amd64/jre/lib/ext/sunjce_provider.jar
2018-11-05 18:28:48.912+0000 INFO  [o.n.k.i.DiagnosticsManager]  [classpath + loader.0] file:/var/lib/neo4j/lib/scala-reflect-2.11.8.jar
2018-11-05 18:28:48.912+0000 INFO  [o.n.k.i.DiagnosticsManager]  [classpath + loader.0] file:/var/lib/neo4j/lib/commons-io-2.4.jar
2018-11-05 18:28:48.912+0000 INFO  [o.n.k.i.DiagnosticsManager]  [classpath + loader.0] file:/var/lib/neo4j/lib/concurrentlinkedhashmap-lru-1.4.2.jar
2018-11-05 18:28:48.912+0000 INFO  [o.n.k.i.DiagnosticsManager]  [classpath + loader.0] file:/var/lib/neo4j/conf/
2018-11-05 18:28:48.913+0000 INFO  [o.n.k.i.DiagnosticsManager]  [bootstrap] /usr/lib/jvm/java-8-openjdk-amd64/jre/lib/sunrsasign.jar
2018-11-05 18:28:48.913+0000 INFO  [o.n.k.i.DiagnosticsManager]  [classpath + loader.0] file:/var/lib/neo4j/lib/neo4j-cypher-compiler-2.3-2.3.11.jar
2018-11-05 18:28:48.913+0000 INFO  [o.n.k.i.DiagnosticsManager]  [classpath + loader.0] file:/var/lib/neo4j/lib/neo4j-graphdb-api-3.0.12.jar
2018-11-05 18:28:48.914+0000 INFO  [o.n.k.i.DiagnosticsManager]  [classpath + loader.0] file:/var/lib/neo4j/lib/bcpkix-jdk15on-1.53.jar
2018-11-05 18:28:48.914+0000 INFO  [o.n.k.i.DiagnosticsManager]  [classpath + loader.0] file:/var/lib/neo4j/lib/neo4j-import-tool-3.0.12.jar
2018-11-05 18:28:48.914+0000 INFO  [o.n.k.i.DiagnosticsManager]  [classpath + loader.0] file:/var/lib/neo4j/lib/opencsv-2.3.jar
2018-11-05 18:28:48.914+0000 INFO  [o.n.k.i.DiagnosticsManager]  [classpath + loader.0] file:/var/lib/neo4j/lib/neo4j-command-line-3.0.12.jar
2018-11-05 18:28:48.914+0000 INFO  [o.n.k.i.DiagnosticsManager]  [classpath + loader.0] file:/var/lib/neo4j/lib/neo4j-dbms-3.0.12.jar
2018-11-05 18:28:48.915+0000 INFO  [o.n.k.i.DiagnosticsManager]  [classpath + loader.0] file:/var/lib/neo4j/lib/parboiled-scala_2.11-1.1.7.jar
2018-11-05 18:28:48.915+0000 INFO  [o.n.k.i.DiagnosticsManager]  [classpath + loader.0] file:/var/lib/neo4j/lib/jetty-server-9.2.22.v20170606.jar
2018-11-05 18:28:48.915+0000 INFO  [o.n.k.i.DiagnosticsManager]  [classpath + loader.0] file:/var/lib/neo4j/lib/jersey-servlet-1.19.jar
2018-11-05 18:28:48.915+0000 INFO  [o.n.k.i.DiagnosticsManager]  [bootstrap] /usr/lib/jvm/java-8-openjdk-amd64/jre/lib/jsse.jar
2018-11-05 18:28:48.915+0000 INFO  [o.n.k.i.DiagnosticsManager]  [classpath + loader.0] file:/var/lib/neo4j/lib/jetty-util-9.2.22.v20170606.jar
2018-11-05 18:28:48.916+0000 INFO  [o.n.k.i.DiagnosticsManager]  [classpath + loader.0] file:/var/lib/neo4j/lib/lucene-analyzers-common-5.5.0.jar
2018-11-05 18:28:48.916+0000 INFO  [o.n.k.i.DiagnosticsManager]  [classpath + loader.0] file:/var/lib/neo4j/lib/commons-beanutils-1.8.3.jar
2018-11-05 18:28:48.916+0000 INFO  [o.n.k.i.DiagnosticsManager]  [classpath + loader.0] file:/var/lib/neo4j/lib/neo4j-graph-matching-3.0.12.jar
2018-11-05 18:28:48.916+0000 INFO  [o.n.k.i.DiagnosticsManager]  [classpath + loader.0] file:/var/lib/neo4j/lib/asm-5.0.2.jar
2018-11-05 18:28:48.917+0000 INFO  [o.n.k.i.DiagnosticsManager]  [classpath + loader.0] file:/var/lib/neo4j/lib/neo4j-browser-1.1.9.jar
2018-11-05 18:28:48.917+0000 INFO  [o.n.k.i.DiagnosticsManager]  [classpath + loader.0] file:/var/lib/neo4j/lib/neo4j-consistency-check-3.0.12.jar
2018-11-05 18:28:48.917+0000 INFO  [o.n.k.i.DiagnosticsManager]  [loader.1] file:/usr/lib/jvm/java-8-openjdk-amd64/jre/lib/ext/localedata.jar
2018-11-05 18:28:48.917+0000 INFO  [o.n.k.i.DiagnosticsManager]  [loader.1] file:/usr/lib/jvm/java-8-openjdk-amd64/jre/lib/ext/jaccess.jar
2018-11-05 18:28:48.917+0000 INFO  [o.n.k.i.DiagnosticsManager]  [classpath + loader.0] file:/var/lib/neo4j/lib/jersey-core-1.19.jar
2018-11-05 18:28:48.917+0000 INFO  [o.n.k.i.DiagnosticsManager]  [loader.1] file:/usr/lib/jvm/java-8-openjdk-amd64/jre/lib/ext/sunpkcs11.jar
2018-11-05 18:28:48.918+0000 INFO  [o.n.k.i.DiagnosticsManager]  [loader.1] file:/usr/lib/jvm/java-8-openjdk-amd64/jre/lib/ext/libatk-wrapper.so
2018-11-05 18:28:48.918+0000 INFO  [o.n.k.i.DiagnosticsManager]  [classpath + loader.0] file:/var/lib/neo4j/lib/lucene-core-5.5.0.jar
2018-11-05 18:28:48.918+0000 INFO  [o.n.k.i.DiagnosticsManager]  [loader.1] file:/usr/lib/jvm/java-8-openjdk-amd64/jre/lib/ext/sunec.jar
2018-11-05 18:28:48.919+0000 INFO  [o.n.k.i.DiagnosticsManager]  [bootstrap] /usr/lib/jvm/java-8-openjdk-amd64/jre/lib/jfr.jar
2018-11-05 18:28:48.919+0000 INFO  [o.n.k.i.DiagnosticsManager]  [classpath + loader.0] file:/var/lib/neo4j/lib/commons-configuration-1.10.jar
2018-11-05 18:28:48.919+0000 INFO  [o.n.k.i.DiagnosticsManager]  [classpath + loader.0] file:/var/lib/neo4j/lib/neo4j-udc-3.0.12.jar
2018-11-05 18:28:48.920+0000 INFO  [o.n.k.i.DiagnosticsManager]  [classpath + loader.0] file:/var/lib/neo4j/lib/neo4j-io-3.0.12.jar
2018-11-05 18:28:48.920+0000 INFO  [o.n.k.i.DiagnosticsManager]  [loader.1] file:/usr/lib/jvm/java-8-openjdk-amd64/jre/lib/ext/cldrdata.jar
2018-11-05 18:28:48.920+0000 INFO  [o.n.k.i.DiagnosticsManager]  [bootstrap] /usr/lib/jvm/java-8-openjdk-amd64/jre/classes
2018-11-05 18:28:48.920+0000 INFO  [o.n.k.i.DiagnosticsManager]  [classpath + loader.0] file:/var/lib/neo4j/lib/lucene-codecs-5.5.0.jar
2018-11-05 18:28:48.920+0000 INFO  [o.n.k.i.DiagnosticsManager]  [classpath + loader.0] file:/var/lib/neo4j/lib/jackson-mapper-asl-1.9.13.jar
2018-11-05 18:28:48.921+0000 INFO  [o.n.k.i.DiagnosticsManager]  [loader.1] file:/usr/lib/jvm/java-8-openjdk-amd64/jre/lib/ext/zipfs.jar
2018-11-05 18:28:48.921+0000 INFO  [o.n.k.i.DiagnosticsManager]  [classpath + loader.0] file:/var/lib/neo4j/lib/jackson-jaxrs-1.9.13.jar
2018-11-05 18:28:48.921+0000 INFO  [o.n.k.i.DiagnosticsManager]  [bootstrap] /usr/lib/jvm/java-8-openjdk-amd64/jre/lib/resources.jar
2018-11-05 18:28:48.921+0000 INFO  [o.n.k.i.DiagnosticsManager]  [classpath + loader.0] file:/var/lib/neo4j/lib/neo4j-bolt-3.0.12.jar
2018-11-05 18:28:48.921+0000 INFO  [o.n.k.i.DiagnosticsManager]  [classpath + loader.0] file:/var/lib/neo4j/lib/neo4j-shell-3.0.12.jar
2018-11-05 18:28:48.921+0000 INFO  [o.n.k.i.DiagnosticsManager]  [classpath + loader.0] file:/var/lib/neo4j/lib/neo4j-resource-3.0.12.jar
2018-11-05 18:28:48.922+0000 INFO  [o.n.k.i.DiagnosticsManager]  [classpath + loader.0] file:/var/lib/neo4j/plugins/*
2018-11-05 18:28:48.922+0000 INFO  [o.n.k.i.DiagnosticsManager]  [classpath + loader.0] file:/var/lib/neo4j/lib/neo4j-collections-3.0.12.jar
2018-11-05 18:28:48.922+0000 INFO  [o.n.k.i.DiagnosticsManager]  [classpath + loader.0] file:/var/lib/neo4j/lib/neo4j-common-3.0.12.jar
2018-11-05 18:28:48.922+0000 INFO  [o.n.k.i.DiagnosticsManager]  [classpath + loader.0] file:/var/lib/neo4j/lib/neo4j-jmx-3.0.12.jar
2018-11-05 18:28:48.923+0000 INFO  [o.n.k.i.DiagnosticsManager]  [classpath + loader.0] file:/var/lib/neo4j/lib/neo4j-security-3.0.12.jar
2018-11-05 18:28:48.923+0000 INFO  [o.n.k.i.DiagnosticsManager]  [classpath + loader.0] file:/var/lib/neo4j/lib/jsr311-api-1.1.2.r612.jar
2018-11-05 18:28:48.923+0000 INFO  [o.n.k.i.DiagnosticsManager]  [classpath + loader.0] file:/var/lib/neo4j/lib/jersey-multipart-1.19.jar
2018-11-05 18:28:48.923+0000 INFO  [o.n.k.i.DiagnosticsManager]  [classpath + loader.0] file:/var/lib/neo4j/lib/bcprov-jdk15on-1.53.jar
2018-11-05 18:28:48.923+0000 INFO  [o.n.k.i.DiagnosticsManager]  [classpath + loader.0] file:/var/lib/neo4j/lib/jetty-webapp-9.2.22.v20170606.jar
2018-11-05 18:28:48.924+0000 INFO  [o.n.k.i.DiagnosticsManager]  [classpath + loader.0] file:/var/lib/neo4j/lib/neo4j-codegen-3.0.12.jar
2018-11-05 18:28:48.924+0000 INFO  [o.n.k.i.DiagnosticsManager]  [classpath + loader.0] file:/var/lib/neo4j/lib/netty-all-4.0.28.Final.jar
2018-11-05 18:28:48.924+0000 INFO  [o.n.k.i.DiagnosticsManager]  [classpath + loader.0] file:/var/lib/neo4j/lib/commons-digester-2.1.jar
2018-11-05 18:28:48.924+0000 INFO  [o.n.k.i.DiagnosticsManager]  [classpath + loader.0] file:/var/lib/neo4j/lib/javax.servlet-api-3.1.0.jar
2018-11-05 18:28:48.925+0000 INFO  [o.n.k.i.DiagnosticsManager]  [classpath + loader.0] file:/var/lib/neo4j/lib/neo4j-server-3.0.12.jar
2018-11-05 18:28:48.925+0000 INFO  [o.n.k.i.DiagnosticsManager]  [classpath + loader.0] file:/var/lib/neo4j/lib/neo4j-graph-algo-3.0.12.jar
2018-11-05 18:28:48.925+0000 INFO  [o.n.k.i.DiagnosticsManager]  [loader.1] file:/usr/lib/jvm/java-8-openjdk-amd64/jre/lib/ext/dnsns.jar
2018-11-05 18:28:48.925+0000 INFO  [o.n.k.i.DiagnosticsManager]  [classpath + loader.0] file:/var/lib/neo4j/lib/neo4j-cypher-3.0.12.jar
2018-11-05 18:28:48.925+0000 INFO  [o.n.k.i.DiagnosticsManager]  [classpath + loader.0] file:/var/lib/neo4j/plugins/
2018-11-05 18:28:48.925+0000 INFO  [o.n.k.i.DiagnosticsManager]  [classpath + loader.0] file:/var/lib/neo4j/lib/neo4j-cypher-frontend-2.3-2.3.11.jar
2018-11-05 18:28:48.926+0000 INFO  [o.n.k.i.DiagnosticsManager]  [classpath + loader.0] file:/var/lib/neo4j/lib/commons-logging-1.1.1.jar
2018-11-05 18:28:48.926+0000 INFO  [o.n.k.i.DiagnosticsManager]  [classpath + loader.0] file:/var/lib/neo4j/lib/neo4j-cypher-frontend-3.0-3.0.12.jar
2018-11-05 18:28:48.926+0000 INFO  [o.n.k.i.DiagnosticsManager]  [classpath + loader.0] file:/var/lib/neo4j/lib/jetty-servlet-9.2.22.v20170606.jar
2018-11-05 18:28:48.926+0000 INFO  [o.n.k.i.DiagnosticsManager]  [bootstrap] /usr/lib/jvm/java-8-openjdk-amd64/jre/lib/charsets.jar
2018-11-05 18:28:48.926+0000 INFO  [o.n.k.i.DiagnosticsManager]  [classpath + loader.0] file:/var/lib/neo4j/lib/commons-lang-2.6.jar
2018-11-05 18:28:48.927+0000 INFO  [o.n.k.i.DiagnosticsManager]  [classpath + loader.0] file:/var/lib/neo4j/lib/neo4j-lucene-upgrade-3.0.12.jar
2018-11-05 18:28:48.927+0000 INFO  [o.n.k.i.DiagnosticsManager]  [classpath + loader.0] file:/var/lib/neo4j/lib/parboiled-core-1.1.7.jar
2018-11-05 18:28:48.927+0000 INFO  [o.n.k.i.DiagnosticsManager]  [classpath + loader.0] file:/var/lib/neo4j/lib/neo4j-lucene-index-3.0.12.jar
2018-11-05 18:28:48.927+0000 INFO  [o.n.k.i.DiagnosticsManager]  [classpath + loader.0] file:/var/lib/neo4j/lib/jetty-io-9.2.22.v20170606.jar
2018-11-05 18:28:48.928+0000 INFO  [o.n.k.i.DiagnosticsManager]  [classpath + loader.0] file:/var/lib/neo4j/lib/rhino-1.7R4.jar
2018-11-05 18:28:48.928+0000 INFO  [o.n.k.i.DiagnosticsManager]  [bootstrap] /usr/lib/jvm/java-8-openjdk-amd64/jre/lib/rt.jar
2018-11-05 18:28:48.929+0000 INFO  [o.n.k.i.DiagnosticsManager]  [classpath + loader.0] file:/var/lib/neo4j/lib/mimepull-1.9.3.jar
2018-11-05 18:28:48.929+0000 INFO  [o.n.k.i.DiagnosticsManager] Library path:
2018-11-05 18:28:48.930+0000 INFO  [o.n.k.i.DiagnosticsManager] /usr/java/packages/lib/amd64
2018-11-05 18:28:48.931+0000 INFO  [o.n.k.i.DiagnosticsManager] /usr/lib/x86_64-linux-gnu/jni
2018-11-05 18:28:48.932+0000 INFO  [o.n.k.i.DiagnosticsManager] /lib/x86_64-linux-gnu
2018-11-05 18:28:48.932+0000 INFO  [o.n.k.i.DiagnosticsManager] /usr/lib/x86_64-linux-gnu
2018-11-05 18:28:48.933+0000 INFO  [o.n.k.i.DiagnosticsManager] /usr/lib/jni
2018-11-05 18:28:48.934+0000 INFO  [o.n.k.i.DiagnosticsManager] /lib
2018-11-05 18:28:48.934+0000 INFO  [o.n.k.i.DiagnosticsManager] /usr/lib
2018-11-05 18:28:48.935+0000 INFO  [o.n.k.i.DiagnosticsManager] System.properties:
2018-11-05 18:28:48.936+0000 INFO  [o.n.k.i.DiagnosticsManager] sun.boot.library.path = /usr/lib/jvm/java-8-openjdk-amd64/jre/lib/amd64
2018-11-05 18:28:48.937+0000 INFO  [o.n.k.i.DiagnosticsManager] path.separator = :
2018-11-05 18:28:48.937+0000 INFO  [o.n.k.i.DiagnosticsManager] file.encoding.pkg = sun.io
2018-11-05 18:28:48.938+0000 INFO  [o.n.k.i.DiagnosticsManager] sun.java.launcher = SUN_STANDARD
2018-11-05 18:28:48.938+0000 INFO  [o.n.k.i.DiagnosticsManager] sun.os.patch.level = unknown
2018-11-05 18:28:48.938+0000 INFO  [o.n.k.i.DiagnosticsManager] user.dir = /var/lib/neo4j
2018-11-05 18:28:48.939+0000 INFO  [o.n.k.i.DiagnosticsManager] sun.jnu.encoding = UTF-8
2018-11-05 18:28:48.939+0000 INFO  [o.n.k.i.DiagnosticsManager] unsupported.dbms.udc.source = tarball
2018-11-05 18:28:48.940+0000 INFO  [o.n.k.i.DiagnosticsManager] sun.management.compiler = HotSpot 64-Bit Tiered Compilers
2018-11-05 18:28:48.940+0000 INFO  [o.n.k.i.DiagnosticsManager] user.home = /root
2018-11-05 18:28:48.940+0000 INFO  [o.n.k.i.DiagnosticsManager] user.timezone = Etc/UTC
2018-11-05 18:28:48.941+0000 INFO  [o.n.k.i.DiagnosticsManager] file.encoding = UTF-8
2018-11-05 18:28:48.941+0000 INFO  [o.n.k.i.DiagnosticsManager] user.name = root
2018-11-05 18:28:48.941+0000 INFO  [o.n.k.i.DiagnosticsManager] sun.java.command = org.neo4j.server.CommunityEntryPoint --home-dir=/var/lib/neo4j --config-dir=/var/lib/neo4j/conf
2018-11-05 18:28:48.942+0000 INFO  [o.n.k.i.DiagnosticsManager] sun.arch.data.model = 64
2018-11-05 18:28:48.942+0000 INFO  [o.n.k.i.DiagnosticsManager] user.language = en
2018-11-05 18:28:48.942+0000 INFO  [o.n.k.i.DiagnosticsManager] awt.toolkit = sun.awt.X11.XToolkit
2018-11-05 18:28:48.943+0000 INFO  [o.n.k.i.DiagnosticsManager] jdk.tls.ephemeralDHKeySize = 2048
2018-11-05 18:28:48.943+0000 INFO  [o.n.k.i.DiagnosticsManager] file.separator = /
2018-11-05 18:28:48.944+0000 INFO  [o.n.k.i.DiagnosticsManager] sun.io.unicode.encoding = UnicodeLittle
2018-11-05 18:28:48.944+0000 INFO  [o.n.k.i.DiagnosticsManager] sun.cpu.endian = little
2018-11-05 18:28:48.944+0000 INFO  [o.n.k.i.DiagnosticsManager] sun.cpu.isalist = 
2018-11-05 18:28:48.945+0000 INFO  [o.n.k.i.DiagnosticsManager] Linux scheduler information:
2018-11-05 18:28:48.978+0000 INFO  [o.n.k.i.DiagnosticsManager] [none] 
2018-11-05 18:28:48.979+0000 INFO  [o.n.k.i.DiagnosticsManager] [none] 
2018-11-05 18:28:48.980+0000 INFO  [o.n.k.i.DiagnosticsManager] [none] 
2018-11-05 18:28:48.981+0000 INFO  [o.n.k.i.DiagnosticsManager] [none] 
2018-11-05 18:28:48.983+0000 INFO  [o.n.k.i.DiagnosticsManager] [none] 
2018-11-05 18:28:48.984+0000 INFO  [o.n.k.i.DiagnosticsManager] noop deadline [cfq] 
2018-11-05 18:28:48.985+0000 INFO  [o.n.k.i.DiagnosticsManager] [none] 
2018-11-05 18:28:48.987+0000 INFO  [o.n.k.i.DiagnosticsManager] [none] 
2018-11-05 18:28:48.988+0000 INFO  [o.n.k.i.DiagnosticsManager] [none] 
2018-11-05 18:28:48.988+0000 INFO  [o.n.k.i.DiagnosticsManager] Network information:
2018-11-05 18:28:48.991+0000 INFO  [o.n.k.i.DiagnosticsManager] Interface eth0:
2018-11-05 18:28:48.993+0000 INFO  [o.n.k.i.DiagnosticsManager]     address: 172.17.0.2
2018-11-05 18:28:48.993+0000 INFO  [o.n.k.i.DiagnosticsManager] Interface lo:
2018-11-05 18:28:48.994+0000 INFO  [o.n.k.i.DiagnosticsManager]     address: 127.0.0.1
2018-11-05 18:28:48.994+0000 INFO  [o.n.k.i.DiagnosticsManager] --- INITIALIZED diagnostics END ---
2018-11-05 18:28:50.109+0000 INFO  [o.n.b.v.r.Sessions] Bolt Server extension loaded.
2018-11-05 18:28:50.115+0000 INFO  [o.n.b.v.r.Sessions] Bolt enabled on 0.0.0.0:7687.
2018-11-05 18:28:50.738+0000 INFO  [o.n.k.i.s.f.RecordFormatSelector] Selected RecordFormat:StandardV3_0[v0.A.7] record format from store /var/lib/neo4j/data/databases/graph.db
2018-11-05 18:28:50.899+0000 INFO  [o.n.k.i.s.f.RecordFormatSelector] Format not configured. Selected format from the store: RecordFormat:StandardV3_0[v0.A.7]
2018-11-05 18:28:52.513+0000 INFO  [o.n.k.i.DatabaseHealth] Database health set to OK
2018-11-05 18:28:54.082+0000 INFO  [o.n.k.AvailabilityGuard] Fulfilling of requirement makes database available: Database available
2018-11-05 18:28:54.085+0000 INFO  [o.n.k.i.f.CommunityFacadeFactory] Database is now ready
2018-11-05 18:28:54.089+0000 INFO  [o.n.k.i.DiagnosticsManager] --- STARTED diagnostics for KernelDiagnostics:Versions START ---
2018-11-05 18:28:54.090+0000 INFO  [o.n.k.i.DiagnosticsManager] Graph Database: community single StoreId{creationTime=1541359851552, randomId=2869076682833887238, storeVersion=15531981201765894, upgradeTime=1541359851552, upgradeId=1}
2018-11-05 18:28:54.090+0000 INFO  [o.n.k.i.DiagnosticsManager] Kernel version: 3.0.12,6edbf02a93b89e10763f4868257911e9dac2377b
2018-11-05 18:28:54.091+0000 INFO  [o.n.k.i.DiagnosticsManager] --- STARTED diagnostics for KernelDiagnostics:Versions END ---
2018-11-05 18:28:54.098+0000 INFO  [o.n.k.i.DiagnosticsManager] --- STARTED diagnostics for NEO_STORE_VERSIONS START ---
2018-11-05 18:28:54.099+0000 INFO  [o.n.k.i.DiagnosticsManager] Store versions:
2018-11-05 18:28:54.099+0000 INFO  [o.n.k.i.DiagnosticsManager] Store versions:
2018-11-05 18:28:54.100+0000 INFO  [o.n.k.i.DiagnosticsManager]   ArrayPropertyStore v0.A.7
2018-11-05 18:28:54.100+0000 INFO  [o.n.k.i.DiagnosticsManager]   NodeStore v0.A.7
2018-11-05 18:28:54.101+0000 INFO  [o.n.k.i.DiagnosticsManager]   StringPropertyStore v0.A.7
2018-11-05 18:28:54.101+0000 INFO  [o.n.k.i.DiagnosticsManager]   PropertyIndexStore v0.A.7
2018-11-05 18:28:54.101+0000 INFO  [o.n.k.i.DiagnosticsManager]   StringPropertyStore v0.A.7
2018-11-05 18:28:54.102+0000 INFO  [o.n.k.i.DiagnosticsManager]   ArrayPropertyStore v0.A.7
2018-11-05 18:28:54.102+0000 INFO  [o.n.k.i.DiagnosticsManager]   PropertyStore v0.A.7
2018-11-05 18:28:54.102+0000 INFO  [o.n.k.i.DiagnosticsManager]   RelationshipStore v0.A.7
2018-11-05 18:28:54.103+0000 INFO  [o.n.k.i.DiagnosticsManager]   StringPropertyStore v0.A.7
2018-11-05 18:28:54.103+0000 INFO  [o.n.k.i.DiagnosticsManager]   RelationshipTypeStore v0.A.7
2018-11-05 18:28:54.104+0000 INFO  [o.n.k.i.DiagnosticsManager]   StringPropertyStore v0.A.7
2018-11-05 18:28:54.104+0000 INFO  [o.n.k.i.DiagnosticsManager]   LabelTokenStore v0.A.7
2018-11-05 18:28:54.104+0000 INFO  [o.n.k.i.DiagnosticsManager]   SchemaStore v0.A.7
2018-11-05 18:28:54.105+0000 INFO  [o.n.k.i.DiagnosticsManager]   RelationshipGroupStore v0.A.7
2018-11-05 18:28:54.106+0000 INFO  [o.n.k.i.DiagnosticsManager]   NeoStore v0.A.7
2018-11-05 18:28:54.106+0000 INFO  [o.n.k.i.DiagnosticsManager] --- STARTED diagnostics for NEO_STORE_VERSIONS END ---
2018-11-05 18:28:54.107+0000 INFO  [o.n.k.i.DiagnosticsManager] --- STARTED diagnostics for NEO_STORE_ID_USAGE START ---
2018-11-05 18:28:54.107+0000 INFO  [o.n.k.i.DiagnosticsManager] Id usage:
2018-11-05 18:28:54.108+0000 INFO  [o.n.k.i.DiagnosticsManager] Id usage:
2018-11-05 18:28:54.109+0000 INFO  [o.n.k.i.DiagnosticsManager]   ArrayPropertyStore: used=1 high=0
2018-11-05 18:28:54.110+0000 INFO  [o.n.k.i.DiagnosticsManager]   NodeStore: used=0 high=-1
2018-11-05 18:28:54.111+0000 INFO  [o.n.k.i.DiagnosticsManager]   StringPropertyStore: used=1 high=0
2018-11-05 18:28:54.112+0000 INFO  [o.n.k.i.DiagnosticsManager]   PropertyIndexStore: used=0 high=-1
2018-11-05 18:28:54.113+0000 INFO  [o.n.k.i.DiagnosticsManager]   StringPropertyStore: used=1 high=0
2018-11-05 18:28:54.114+0000 INFO  [o.n.k.i.DiagnosticsManager]   ArrayPropertyStore: used=1 high=0
2018-11-05 18:28:54.115+0000 INFO  [o.n.k.i.DiagnosticsManager]   PropertyStore: used=0 high=-1
2018-11-05 18:28:54.116+0000 INFO  [o.n.k.i.DiagnosticsManager]   RelationshipStore: used=0 high=-1
2018-11-05 18:28:54.116+0000 INFO  [o.n.k.i.DiagnosticsManager]   StringPropertyStore: used=1 high=0
2018-11-05 18:28:54.117+0000 INFO  [o.n.k.i.DiagnosticsManager]   RelationshipTypeStore: used=0 high=-1
2018-11-05 18:28:54.118+0000 INFO  [o.n.k.i.DiagnosticsManager]   StringPropertyStore: used=1 high=0
2018-11-05 18:28:54.119+0000 INFO  [o.n.k.i.DiagnosticsManager]   LabelTokenStore: used=0 high=-1
2018-11-05 18:28:54.119+0000 INFO  [o.n.k.i.DiagnosticsManager]   SchemaStore: used=1 high=0
2018-11-05 18:28:54.120+0000 INFO  [o.n.k.i.DiagnosticsManager]   RelationshipGroupStore: used=1 high=0
2018-11-05 18:28:54.121+0000 INFO  [o.n.k.i.DiagnosticsManager]   NeoStore: used=15 high=14
2018-11-05 18:28:54.121+0000 INFO  [o.n.k.i.DiagnosticsManager] --- STARTED diagnostics for NEO_STORE_ID_USAGE END ---
2018-11-05 18:28:54.122+0000 INFO  [o.n.k.i.DiagnosticsManager] --- STARTED diagnostics for NEO_STORE_RECORDS START ---
2018-11-05 18:28:54.122+0000 INFO  [o.n.k.i.DiagnosticsManager] Neostore records:
2018-11-05 18:28:54.126+0000 INFO  [o.n.k.i.DiagnosticsManager] TIME (Creation time): 1541359851552
2018-11-05 18:28:54.126+0000 INFO  [o.n.k.i.DiagnosticsManager] RANDOM_NUMBER (Random number for store id): 2869076682833887238
2018-11-05 18:28:54.127+0000 INFO  [o.n.k.i.DiagnosticsManager] LOG_VERSION (Current log version): 0
2018-11-05 18:28:54.127+0000 INFO  [o.n.k.i.DiagnosticsManager] LAST_TRANSACTION_ID (Last committed transaction): 1
2018-11-05 18:28:54.128+0000 INFO  [o.n.k.i.DiagnosticsManager] STORE_VERSION (Store format version): 15531981201765894
2018-11-05 18:28:54.128+0000 INFO  [o.n.k.i.DiagnosticsManager] FIRST_GRAPH_PROPERTY (First property record containing graph properties): -1
2018-11-05 18:28:54.129+0000 INFO  [o.n.k.i.DiagnosticsManager] LAST_CONSTRAINT_TRANSACTION (Last committed transaction containing constraint changes): 0
2018-11-05 18:28:54.129+0000 INFO  [o.n.k.i.DiagnosticsManager] UPGRADE_TRANSACTION_ID (Transaction id most recent upgrade was performed at): 1
2018-11-05 18:28:54.130+0000 INFO  [o.n.k.i.DiagnosticsManager] UPGRADE_TIME (Time of last upgrade): 1541359851552
2018-11-05 18:28:54.130+0000 INFO  [o.n.k.i.DiagnosticsManager] LAST_TRANSACTION_CHECKSUM (Checksum of last committed transaction): 0
2018-11-05 18:28:54.131+0000 INFO  [o.n.k.i.DiagnosticsManager] UPGRADE_TRANSACTION_CHECKSUM (Checksum of transaction id the most recent upgrade was performed at): 0
2018-11-05 18:28:54.131+0000 INFO  [o.n.k.i.DiagnosticsManager] LAST_CLOSED_TRANSACTION_LOG_VERSION (Log version where the last transaction commit entry has been written into): 0
2018-11-05 18:28:54.132+0000 INFO  [o.n.k.i.DiagnosticsManager] LAST_CLOSED_TRANSACTION_LOG_BYTE_OFFSET (Byte offset in the log file where the last transaction commit entry has been written into): 16
2018-11-05 18:28:54.132+0000 INFO  [o.n.k.i.DiagnosticsManager] LAST_TRANSACTION_COMMIT_TIMESTAMP (Commit time timestamp for last committed transaction): 0
2018-11-05 18:28:54.133+0000 INFO  [o.n.k.i.DiagnosticsManager] UPGRADE_TRANSACTION_COMMIT_TIMESTAMP (Commit timestamp of transaction the most recent upgrade was performed at): 0
2018-11-05 18:28:54.133+0000 INFO  [o.n.k.i.DiagnosticsManager] --- STARTED diagnostics for NEO_STORE_RECORDS END ---
2018-11-05 18:28:54.137+0000 INFO  [o.n.k.i.DiagnosticsManager] --- STARTED diagnostics for TRANSACTION_RANGE START ---
2018-11-05 18:28:54.137+0000 INFO  [o.n.k.i.DiagnosticsManager] Transaction log:
2018-11-05 18:28:54.141+0000 INFO  [o.n.k.i.DiagnosticsManager] Oldest transaction 2 found in log with version 0
2018-11-05 18:28:54.141+0000 INFO  [o.n.k.i.DiagnosticsManager] --- STARTED diagnostics for TRANSACTION_RANGE END ---
2018-11-05 18:28:54.143+0000 INFO  [o.n.k.i.DiagnosticsManager] --- STARTED diagnostics for KernelDiagnostics:StoreFiles START ---
2018-11-05 18:28:54.144+0000 INFO  [o.n.k.i.DiagnosticsManager] Disk space on partition (Total / Free / Free %): 20506865664 / 15553282048 / 75
Storage files: (filename : modification date - size)
2018-11-05 18:28:54.147+0000 INFO  [o.n.k.i.DiagnosticsManager]   index:
2018-11-05 18:28:54.149+0000 INFO  [o.n.k.i.DiagnosticsManager]   - Total: 2018-11-04T19:30:52+0000 - 0.00 B
2018-11-05 18:28:54.150+0000 INFO  [o.n.k.i.DiagnosticsManager]   neostore: 2018-11-04T19:30:51+0000 - 8.00 kB
2018-11-05 18:28:54.151+0000 INFO  [o.n.k.i.DiagnosticsManager]   neostore.counts.db.a: 2018-11-04T19:30:52+0000 - 96.00 B
2018-11-05 18:28:54.152+0000 INFO  [o.n.k.i.DiagnosticsManager]   neostore.id: 2018-11-05T18:28:51+0000 - 9.00 B
2018-11-05 18:28:54.153+0000 INFO  [o.n.k.i.DiagnosticsManager]   neostore.labeltokenstore.db: 2018-11-04T19:30:51+0000 - 0.00 B
2018-11-05 18:28:54.155+0000 INFO  [o.n.k.i.DiagnosticsManager]   neostore.labeltokenstore.db.id: 2018-11-05T18:28:51+0000 - 9.00 B
2018-11-05 18:28:54.156+0000 INFO  [o.n.k.i.DiagnosticsManager]   neostore.labeltokenstore.db.names: 2018-11-04T19:30:51+0000 - 8.00 kB
2018-11-05 18:28:54.157+0000 INFO  [o.n.k.i.DiagnosticsManager]   neostore.labeltokenstore.db.names.id: 2018-11-05T18:28:51+0000 - 9.00 B
2018-11-05 18:28:54.158+0000 INFO  [o.n.k.i.DiagnosticsManager]   neostore.nodestore.db: 2018-11-04T19:30:50+0000 - 0.00 B
2018-11-05 18:28:54.159+0000 INFO  [o.n.k.i.DiagnosticsManager]   neostore.nodestore.db.id: 2018-11-05T18:28:51+0000 - 9.00 B
2018-11-05 18:28:54.160+0000 INFO  [o.n.k.i.DiagnosticsManager]   neostore.nodestore.db.labels: 2018-11-04T19:30:50+0000 - 8.00 kB
2018-11-05 18:28:54.162+0000 INFO  [o.n.k.i.DiagnosticsManager]   neostore.nodestore.db.labels.id: 2018-11-05T18:28:50+0000 - 9.00 B
2018-11-05 18:28:54.163+0000 INFO  [o.n.k.i.DiagnosticsManager]   neostore.propertystore.db: 2018-11-04T19:30:51+0000 - 0.00 B
2018-11-05 18:28:54.164+0000 INFO  [o.n.k.i.DiagnosticsManager]   neostore.propertystore.db.arrays: 2018-11-04T19:30:50+0000 - 8.00 kB
2018-11-05 18:28:54.165+0000 INFO  [o.n.k.i.DiagnosticsManager]   neostore.propertystore.db.arrays.id: 2018-11-05T18:28:51+0000 - 9.00 B
2018-11-05 18:28:54.167+0000 INFO  [o.n.k.i.DiagnosticsManager]   neostore.propertystore.db.id: 2018-11-05T18:28:51+0000 - 9.00 B
2018-11-05 18:28:54.168+0000 INFO  [o.n.k.i.DiagnosticsManager]   neostore.propertystore.db.index: 2018-11-04T19:30:50+0000 - 0.00 B
2018-11-05 18:28:54.169+0000 INFO  [o.n.k.i.DiagnosticsManager]   neostore.propertystore.db.index.id: 2018-11-05T18:28:51+0000 - 9.00 B
2018-11-05 18:28:54.171+0000 INFO  [o.n.k.i.DiagnosticsManager]   neostore.propertystore.db.index.keys: 2018-11-04T19:30:50+0000 - 8.00 kB
2018-11-05 18:28:54.172+0000 INFO  [o.n.k.i.DiagnosticsManager]   neostore.propertystore.db.index.keys.id: 2018-11-05T18:28:51+0000 - 9.00 B
2018-11-05 18:28:54.173+0000 INFO  [o.n.k.i.DiagnosticsManager]   neostore.propertystore.db.strings: 2018-11-04T19:30:50+0000 - 8.00 kB
2018-11-05 18:28:54.174+0000 INFO  [o.n.k.i.DiagnosticsManager]   neostore.propertystore.db.strings.id: 2018-11-05T18:28:51+0000 - 9.00 B
2018-11-05 18:28:54.175+0000 INFO  [o.n.k.i.DiagnosticsManager]   neostore.relationshipgroupstore.db: 2018-11-04T19:30:51+0000 - 8.00 kB
2018-11-05 18:28:54.176+0000 INFO  [o.n.k.i.DiagnosticsManager]   neostore.relationshipgroupstore.db.id: 2018-11-05T18:28:51+0000 - 9.00 B
2018-11-05 18:28:54.177+0000 INFO  [o.n.k.i.DiagnosticsManager]   neostore.relationshipstore.db: 2018-11-04T19:30:51+0000 - 0.00 B
2018-11-05 18:28:54.179+0000 INFO  [o.n.k.i.DiagnosticsManager]   neostore.relationshipstore.db.id: 2018-11-05T18:28:51+0000 - 9.00 B
2018-11-05 18:28:54.180+0000 INFO  [o.n.k.i.DiagnosticsManager]   neostore.relationshiptypestore.db: 2018-11-04T19:30:51+0000 - 0.00 B
2018-11-05 18:28:54.181+0000 INFO  [o.n.k.i.DiagnosticsManager]   neostore.relationshiptypestore.db.id: 2018-11-05T18:28:51+0000 - 9.00 B
2018-11-05 18:28:54.183+0000 INFO  [o.n.k.i.DiagnosticsManager]   neostore.relationshiptypestore.db.names: 2018-11-04T19:30:51+0000 - 8.00 kB
2018-11-05 18:28:54.185+0000 INFO  [o.n.k.i.DiagnosticsManager]   neostore.relationshiptypestore.db.names.id: 2018-11-05T18:28:51+0000 - 9.00 B
2018-11-05 18:28:54.186+0000 INFO  [o.n.k.i.DiagnosticsManager]   neostore.schemastore.db: 2018-11-04T19:30:51+0000 - 8.00 kB
2018-11-05 18:28:54.188+0000 INFO  [o.n.k.i.DiagnosticsManager]   neostore.schemastore.db.id: 2018-11-05T18:28:51+0000 - 9.00 B
2018-11-05 18:28:54.189+0000 INFO  [o.n.k.i.DiagnosticsManager]   neostore.transaction.db.0: 2018-11-04T19:33:42+0000 - 34.00 B
2018-11-05 18:28:54.190+0000 INFO  [o.n.k.i.DiagnosticsManager]   schema:
2018-11-05 18:28:54.191+0000 INFO  [o.n.k.i.DiagnosticsManager]     label:
2018-11-05 18:28:54.192+0000 INFO  [o.n.k.i.DiagnosticsManager]       lucene:
2018-11-05 18:28:54.193+0000 INFO  [o.n.k.i.DiagnosticsManager]         labelStore:
2018-11-05 18:28:54.193+0000 INFO  [o.n.k.i.DiagnosticsManager]           1:
2018-11-05 18:28:54.195+0000 INFO  [o.n.k.i.DiagnosticsManager]             segments_1: 2018-11-04T19:33:41+0000 - 71.00 B
2018-11-05 18:28:54.197+0000 INFO  [o.n.k.i.DiagnosticsManager]             write.lock: 2018-11-04T19:30:52+0000 - 0.00 B
2018-11-05 18:28:54.199+0000 INFO  [o.n.k.i.DiagnosticsManager]           - Total: 2018-11-04T19:33:41+0000 - 71.00 B
2018-11-05 18:28:54.200+0000 INFO  [o.n.k.i.DiagnosticsManager]           failure-message: 2018-11-04T19:30:52+0000 - 16.00 kB
2018-11-05 18:28:54.201+0000 INFO  [o.n.k.i.DiagnosticsManager]         - Total: 2018-11-04T19:30:52+0000 - 16.07 kB
2018-11-05 18:28:54.203+0000 INFO  [o.n.k.i.DiagnosticsManager]       - Total: 2018-11-04T19:30:52+0000 - 16.07 kB
2018-11-05 18:28:54.204+0000 INFO  [o.n.k.i.DiagnosticsManager]     - Total: 2018-11-04T19:30:52+0000 - 16.07 kB
2018-11-05 18:28:54.206+0000 INFO  [o.n.k.i.DiagnosticsManager]   - Total: 2018-11-04T19:30:52+0000 - 16.07 kB
2018-11-05 18:28:54.207+0000 INFO  [o.n.k.i.DiagnosticsManager]   store_lock: 2018-11-04T19:30:50+0000 - 0.00 B
2018-11-05 18:28:54.208+0000 INFO  [o.n.k.i.DiagnosticsManager] --- STARTED diagnostics for KernelDiagnostics:StoreFiles END ---
2018-11-05 18:29:01.195+0000 INFO  [o.n.k.i.DiagnosticsManager] --- SERVER STARTED START ---
2018-11-05 18:29:06.592+0000 INFO  [o.n.k.i.DiagnosticsManager] --- SERVER STARTED END ---
2018-11-05 18:31:49.817+0000 INFO  [o.n.k.i.f.CommunityFacadeFactory] Shutdown started
2018-11-05 18:31:49.820+0000 INFO  [o.n.k.i.f.CommunityFacadeFactory] Database is now unavailable
2018-11-05 18:31:49.843+0000 INFO  [o.n.k.i.t.l.c.CheckPointerImpl] Check Pointing triggered by database shutdown [1]:  Starting check pointing...
2018-11-05 18:31:49.844+0000 INFO  [o.n.k.i.t.l.c.CheckPointerImpl] Check Pointing triggered by database shutdown [1]:  Starting store flush...
2018-11-05 18:31:49.862+0000 INFO  [o.n.k.i.t.l.c.CheckPointerImpl] Check Pointing triggered by database shutdown [1]:  Store flush completed
2018-11-05 18:31:49.863+0000 INFO  [o.n.k.i.t.l.c.CheckPointerImpl] Check Pointing triggered by database shutdown [1]:  Starting appending check point entry into the tx log...
2018-11-05 18:31:49.899+0000 INFO  [o.n.k.i.t.l.c.CheckPointerImpl] Check Pointing triggered by database shutdown [1]:  Appending check point entry into the tx log completed
2018-11-05 18:31:49.900+0000 INFO  [o.n.k.i.t.l.c.CheckPointerImpl] Check Pointing triggered by database shutdown [1]:  Check pointing completed
2018-11-05 18:31:49.900+0000 INFO  [o.n.k.i.t.l.p.LogPruningImpl] Log Rotation [0]:  Starting log pruning.
2018-11-05 18:31:49.901+0000 INFO  [o.n.k.i.t.l.p.LogPruningImpl] Log Rotation [0]:  Log pruning complete.
2018-11-05 18:31:50.185+0000 INFO  [o.n.k.i.DiagnosticsManager] --- STOPPING diagnostics START ---
2018-11-05 18:31:50.185+0000 INFO  [o.n.k.i.DiagnosticsManager] --- STOPPING diagnostics END ---
